[2020-09-21 10:21:48.630] [exthost] [info] extension host started
[2020-09-21 10:21:48.742] [exthost] [info] ExtensionService#_doActivateExtension vscode.git {"startup":false,"extensionId":{"value":"vscode.git","_lower":"vscode.git"},"activationEvent":"onFileSystem:git"}
[2020-09-21 10:21:48.743] [exthost] [info] ExtensionService#loadCommonJSModule file:///local/home/sysadmin/.vscode-server/bin/e790b931385d72cf5669fcefc51cdf65990efa5d/extensions/git/dist/main
[2020-09-21 10:21:48.810] [exthost] [info] ExtensionService#_doActivateExtension vscode.debug-auto-launch {"startup":true,"extensionId":{"value":"vscode.debug-auto-launch","_lower":"vscode.debug-auto-launch"},"activationEvent":"*"}
[2020-09-21 10:21:48.810] [exthost] [info] ExtensionService#loadCommonJSModule file:///local/home/sysadmin/.vscode-server/bin/e790b931385d72cf5669fcefc51cdf65990efa5d/extensions/debug-auto-launch/dist/extension
[2020-09-21 10:21:48.814] [exthost] [info] ExtensionService#_doActivateExtension vscode.emmet {"startup":true,"extensionId":{"value":"vscode.emmet","_lower":"vscode.emmet"},"activationEvent":"*"}
[2020-09-21 10:21:48.814] [exthost] [info] ExtensionService#loadCommonJSModule file:///local/home/sysadmin/.vscode-server/bin/e790b931385d72cf5669fcefc51cdf65990efa5d/extensions/emmet/dist/node/emmetNodeMain
[2020-09-21 10:21:48.843] [exthost] [info] ExtensionService#_doActivateExtension vscode.merge-conflict {"startup":true,"extensionId":{"value":"vscode.merge-conflict","_lower":"vscode.merge-conflict"},"activationEvent":"*"}
[2020-09-21 10:21:48.843] [exthost] [info] ExtensionService#loadCommonJSModule file:///local/home/sysadmin/.vscode-server/bin/e790b931385d72cf5669fcefc51cdf65990efa5d/extensions/merge-conflict/dist/mergeConflictMain
[2020-09-21 10:21:48.848] [exthost] [info] ExtensionService#_doActivateExtension vscode.search-result {"startup":true,"extensionId":{"value":"vscode.search-result","_lower":"vscode.search-result"},"activationEvent":"*"}
[2020-09-21 10:21:48.848] [exthost] [info] ExtensionService#loadCommonJSModule file:///local/home/sysadmin/.vscode-server/bin/e790b931385d72cf5669fcefc51cdf65990efa5d/extensions/search-result/dist/extension.js
[2020-09-21 10:21:48.959] [exthost] [info] ExtensionService#_doActivateExtension vscode.github {"startup":true,"extensionId":{"value":"vscode.github","_lower":"vscode.github"},"activationEvent":"*"}
[2020-09-21 10:21:48.959] [exthost] [info] ExtensionService#loadCommonJSModule file:///local/home/sysadmin/.vscode-server/bin/e790b931385d72cf5669fcefc51cdf65990efa5d/extensions/github/dist/extension.js
[2020-09-21 10:21:49.299] [exthost] [info] eager extensions activated
[2020-09-21 10:22:20.795] [exthost] [info] ExtensionService#_doActivateExtension vscode.configuration-editing {"startup":false,"extensionId":{"value":"vscode.configuration-editing","_lower":"vscode.configuration-editing"},"activationEvent":"onLanguage:json"}
[2020-09-21 10:22:20.796] [exthost] [info] ExtensionService#loadCommonJSModule file:///local/home/sysadmin/.vscode-server/bin/e790b931385d72cf5669fcefc51cdf65990efa5d/extensions/configuration-editing/dist/configurationEditingMain
[2020-09-21 10:22:20.803] [exthost] [info] ExtensionService#_doActivateExtension vscode.extension-editing {"startup":false,"extensionId":{"value":"vscode.extension-editing","_lower":"vscode.extension-editing"},"activationEvent":"onLanguage:json"}
[2020-09-21 10:22:20.803] [exthost] [info] ExtensionService#loadCommonJSModule file:///local/home/sysadmin/.vscode-server/bin/e790b931385d72cf5669fcefc51cdf65990efa5d/extensions/extension-editing/dist/extensionEditingMain
[2020-09-21 10:22:20.817] [exthost] [info] ExtensionService#_doActivateExtension vscode.json-language-features {"startup":false,"extensionId":{"value":"vscode.json-language-features","_lower":"vscode.json-language-features"},"activationEvent":"onLanguage:json"}
[2020-09-21 10:22:20.817] [exthost] [info] ExtensionService#loadCommonJSModule file:///local/home/sysadmin/.vscode-server/bin/e790b931385d72cf5669fcefc51cdf65990efa5d/extensions/json-language-features/client/dist/node/jsonClientMain
[2020-09-21 10:22:20.855] [exthost] [info] ExtensionService#_doActivateExtension ms-vscode.js-debug {"startup":false,"extensionId":{"value":"ms-vscode.js-debug","_lower":"ms-vscode.js-debug"},"activationEvent":"onLanguage:json"}
[2020-09-21 10:22:20.855] [exthost] [info] ExtensionService#loadCommonJSModule file:///local/home/sysadmin/.vscode-server/bin/e790b931385d72cf5669fcefc51cdf65990efa5d/extensions/ms-vscode.js-debug/src/extension.js
[2020-09-21 10:22:21.206] [exthost] [info] ExtensionService#_doActivateExtension vscode.npm {"startup":false,"extensionId":{"value":"vscode.npm","_lower":"vscode.npm"},"activationEvent":"onLanguage:json"}
[2020-09-21 10:22:21.206] [exthost] [info] ExtensionService#loadCommonJSModule file:///local/home/sysadmin/.vscode-server/bin/e790b931385d72cf5669fcefc51cdf65990efa5d/extensions/npm/dist/npmMain
[2020-09-21 10:30:27.280] [exthost] [error] {"message":"Git error","stdout":"","stderr":"fatal: Path 'recycleResearch/e2e' is in submodule 'recycleResearch'\n","exitCode":128,"gitErrorCode":"IsInSubmodule"}
[2020-09-21 10:30:27.280] [exthost] [error] {"message":"Git error","stdout":"","stderr":"fatal: Path 'recycleResearch/e2e' is in submodule 'recycleResearch'\n","exitCode":128,"gitErrorCode":"IsInSubmodule"}
[2020-09-21 10:30:27.280] [exthost] [error] {"message":"Git error","stdout":"","stderr":"fatal: Path 'recycleResearch/e2e' is in submodule 'recycleResearch'\n","exitCode":128,"gitErrorCode":"IsInSubmodule"}
[2020-09-21 10:30:27.280] [exthost] [error] {"message":"Git error","stdout":"","stderr":"fatal: Path 'recycleResearch/e2e' is in submodule 'recycleResearch'\n","exitCode":128,"gitErrorCode":"IsInSubmodule"}
[2020-09-21 10:30:27.280] [exthost] [error] {"message":"Git error","stdout":"","stderr":"fatal: Path 'recycleResearch/e2e' is in submodule 'recycleResearch'\n","exitCode":128,"gitErrorCode":"IsInSubmodule"}
[2020-09-21 10:30:27.280] [exthost] [error] {"message":"Git error","stdout":"","stderr":"fatal: Path 'recycleResearch/e2e' is in submodule 'recycleResearch'\n","exitCode":128,"gitErrorCode":"IsInSubmodule"}
[2020-09-21 10:30:27.280] [exthost] [error] {"message":"Git error","stdout":"","stderr":"fatal: Path 'recycleResearch/e2e' is in submodule 'recycleResearch'\n","exitCode":128,"gitErrorCode":"IsInSubmodule"}
[2020-09-21 10:30:27.280] [exthost] [error] {"message":"Git error","stdout":"","stderr":"fatal: Path 'recycleResearch/e2e' is in submodule 'recycleResearch'\n","exitCode":128,"gitErrorCode":"IsInSubmodule"}
[2020-09-21 10:30:27.280] [exthost] [error] {"message":"Git error","stdout":"","stderr":"fatal: Path 'recycleResearch/e2e' is in submodule 'recycleResearch'\n","exitCode":128,"gitErrorCode":"IsInSubmodule"}
[2020-09-21 10:30:27.280] [exthost] [error] {"message":"Git error","stdout":"","stderr":"fatal: Path 'recycleResearch/e2e' is in submodule 'recycleResearch'\n","exitCode":128,"gitErrorCode":"IsInSubmodule"}
[2020-09-21 10:30:27.280] [exthost] [error] {"message":"Git error","stdout":"","stderr":"fatal: Path 'recycleResearch/e2e' is in submodule 'recycleResearch'\n","exitCode":128,"gitErrorCode":"IsInSubmodule"}
[2020-09-21 10:30:27.280] [exthost] [error] {"message":"Git error","stdout":"","stderr":"fatal: Path 'recycleResearch/e2e' is in submodule 'recycleResearch'\n","exitCode":128,"gitErrorCode":"IsInSubmodule"}
[2020-09-21 10:30:27.280] [exthost] [error] {"message":"Git error","stdout":"","stderr":"fatal: Path 'recycleResearch/e2e' is in submodule 'recycleResearch'\n","exitCode":128,"gitErrorCode":"IsInSubmodule"}
[2020-09-21 10:30:27.281] [exthost] [error] {"message":"Git error","stdout":"","stderr":"fatal: Path 'recycleResearch/e2e' is in submodule 'recycleResearch'\n","exitCode":128,"gitErrorCode":"IsInSubmodule"}
[2020-09-21 10:30:27.281] [exthost] [error] {"message":"Git error","stdout":"","stderr":"fatal: Path 'recycleResearch/e2e' is in submodule 'recycleResearch'\n","exitCode":128,"gitErrorCode":"IsInSubmodule"}
[2020-09-21 10:30:29.083] [exthost] [error] {"message":"Git error","stdout":"","stderr":"fatal: Path 'recycleResearch/src/app' is in submodule 'recycleResearch'\n","exitCode":128,"gitErrorCode":"IsInSubmodule"}
[2020-09-21 10:30:29.083] [exthost] [error] {"message":"Git error","stdout":"","stderr":"fatal: Path 'recycleResearch/src/app' is in submodule 'recycleResearch'\n","exitCode":128,"gitErrorCode":"IsInSubmodule"}
[2020-09-21 10:30:29.083] [exthost] [error] {"message":"Git error","stdout":"","stderr":"fatal: Path 'recycleResearch/src/app' is in submodule 'recycleResearch'\n","exitCode":128,"gitErrorCode":"IsInSubmodule"}
[2020-09-21 10:30:29.083] [exthost] [error] {"message":"Git error","stdout":"","stderr":"fatal: Path 'recycleResearch/src/app' is in submodule 'recycleResearch'\n","exitCode":128,"gitErrorCode":"IsInSubmodule"}
[2020-09-21 10:30:29.083] [exthost] [error] {"message":"Git error","stdout":"","stderr":"fatal: Path 'recycleResearch/src/app' is in submodule 'recycleResearch'\n","exitCode":128,"gitErrorCode":"IsInSubmodule"}
[2020-09-21 10:30:29.083] [exthost] [error] {"message":"Git error","stdout":"","stderr":"fatal: Path 'recycleResearch/src/app' is in submodule 'recycleResearch'\n","exitCode":128,"gitErrorCode":"IsInSubmodule"}
[2020-09-21 10:30:29.083] [exthost] [error] {"message":"Git error","stdout":"","stderr":"fatal: Path 'recycleResearch/src/app' is in submodule 'recycleResearch'\n","exitCode":128,"gitErrorCode":"IsInSubmodule"}
[2020-09-21 10:30:29.083] [exthost] [error] {"message":"Git error","stdout":"","stderr":"fatal: Path 'recycleResearch/src/app' is in submodule 'recycleResearch'\n","exitCode":128,"gitErrorCode":"IsInSubmodule"}
[2020-09-21 10:30:29.083] [exthost] [error] {"message":"Git error","stdout":"","stderr":"fatal: Path 'recycleResearch/src/app' is in submodule 'recycleResearch'\n","exitCode":128,"gitErrorCode":"IsInSubmodule"}
[2020-09-21 10:30:29.083] [exthost] [error] {"message":"Git error","stdout":"","stderr":"fatal: Path 'recycleResearch/src/app' is in submodule 'recycleResearch'\n","exitCode":128,"gitErrorCode":"IsInSubmodule"}
[2020-09-21 10:30:31.382] [exthost] [error] {"message":"Git error","stdout":"","stderr":"fatal: Path 'recycleResearch/src/app/folder' is in submodule 'recycleResearch'\n","exitCode":128,"gitErrorCode":"IsInSubmodule"}
[2020-09-21 10:30:31.382] [exthost] [error] {"message":"Git error","stdout":"","stderr":"fatal: Path 'recycleResearch/src/app/folder' is in submodule 'recycleResearch'\n","exitCode":128,"gitErrorCode":"IsInSubmodule"}
[2020-09-21 10:30:31.382] [exthost] [error] {"message":"Git error","stdout":"","stderr":"fatal: Path 'recycleResearch/src/app/folder' is in submodule 'recycleResearch'\n","exitCode":128,"gitErrorCode":"IsInSubmodule"}
[2020-09-21 10:30:31.382] [exthost] [error] {"message":"Git error","stdout":"","stderr":"fatal: Path 'recycleResearch/src/app/folder' is in submodule 'recycleResearch'\n","exitCode":128,"gitErrorCode":"IsInSubmodule"}
[2020-09-21 10:30:31.382] [exthost] [error] {"message":"Git error","stdout":"","stderr":"fatal: Path 'recycleResearch/src/app/folder' is in submodule 'recycleResearch'\n","exitCode":128,"gitErrorCode":"IsInSubmodule"}
[2020-09-21 10:30:31.382] [exthost] [error] {"message":"Git error","stdout":"","stderr":"fatal: Path 'recycleResearch/src/app/folder' is in submodule 'recycleResearch'\n","exitCode":128,"gitErrorCode":"IsInSubmodule"}
[2020-09-21 10:30:31.382] [exthost] [error] {"message":"Git error","stdout":"","stderr":"fatal: Path 'recycleResearch/src/app/folder' is in submodule 'recycleResearch'\n","exitCode":128,"gitErrorCode":"IsInSubmodule"}
[2020-09-21 10:30:31.382] [exthost] [error] {"message":"Git error","stdout":"","stderr":"fatal: Path 'recycleResearch/src/app/folder' is in submodule 'recycleResearch'\n","exitCode":128,"gitErrorCode":"IsInSubmodule"}
[2020-09-21 10:30:33.961] [exthost] [error] {"message":"Git error","stdout":"","stderr":"fatal: Path 'recycleResearch/src/app/folder/folder-routing.module.ts' is in submodule 'recycleResearch'\n","exitCode":128,"gitErrorCode":"IsInSubmodule"}
[2020-09-21 10:30:33.961] [exthost] [error] {"message":"Git error","stdout":"","stderr":"fatal: Path 'recycleResearch/src/app/folder/folder-routing.module.ts' is in submodule 'recycleResearch'\n","exitCode":128,"gitErrorCode":"IsInSubmodule"}
[2020-09-21 10:30:33.961] [exthost] [error] {"message":"Git error","stdout":"","stderr":"fatal: Path 'recycleResearch/src/app/folder/folder-routing.module.ts' is in submodule 'recycleResearch'\n","exitCode":128,"gitErrorCode":"IsInSubmodule"}
[2020-09-21 10:30:33.961] [exthost] [error] {"message":"Git error","stdout":"","stderr":"fatal: Path 'recycleResearch/src/app/folder/folder-routing.module.ts' is in submodule 'recycleResearch'\n","exitCode":128,"gitErrorCode":"IsInSubmodule"}
[2020-09-21 10:30:33.961] [exthost] [error] {"message":"Git error","stdout":"","stderr":"fatal: Path 'recycleResearch/src/app/folder/folder-routing.module.ts' is in submodule 'recycleResearch'\n","exitCode":128,"gitErrorCode":"IsInSubmodule"}
[2020-09-21 10:30:33.961] [exthost] [error] {"message":"Git error","stdout":"","stderr":"fatal: Path 'recycleResearch/src/app/folder/folder-routing.module.ts' is in submodule 'recycleResearch'\n","exitCode":128,"gitErrorCode":"IsInSubmodule"}
