[2020-09-21 11:15:13.137] [exthost] [info] extension host started
[2020-09-21 11:15:14.335] [exthost] [info] ExtensionService#_doActivateExtension vscode.emmet {"startup":false,"extensionId":{"value":"vscode.emmet","_lower":"vscode.emmet"},"activationEvent":"onLanguage:html"}
[2020-09-21 11:15:14.336] [exthost] [info] ExtensionService#loadCommonJSModule file:///local/home/sysadmin/.vscode-server/bin/e790b931385d72cf5669fcefc51cdf65990efa5d/extensions/emmet/dist/node/emmetNodeMain
[2020-09-21 11:15:14.373] [exthost] [info] ExtensionService#_doActivateExtension vscode.html-language-features {"startup":false,"extensionId":{"value":"vscode.html-language-features","_lower":"vscode.html-language-features"},"activationEvent":"onLanguage:html"}
[2020-09-21 11:15:14.373] [exthost] [info] ExtensionService#loadCommonJSModule file:///local/home/sysadmin/.vscode-server/bin/e790b931385d72cf5669fcefc51cdf65990efa5d/extensions/html-language-features/client/dist/node/htmlClientMain
[2020-09-21 11:15:14.407] [exthost] [info] ExtensionService#_doActivateExtension vscode.debug-auto-launch {"startup":true,"extensionId":{"value":"vscode.debug-auto-launch","_lower":"vscode.debug-auto-launch"},"activationEvent":"*"}
[2020-09-21 11:15:14.407] [exthost] [info] ExtensionService#loadCommonJSModule file:///local/home/sysadmin/.vscode-server/bin/e790b931385d72cf5669fcefc51cdf65990efa5d/extensions/debug-auto-launch/dist/extension
[2020-09-21 11:15:14.411] [exthost] [info] ExtensionService#_doActivateExtension vscode.git {"startup":true,"extensionId":{"value":"vscode.github","_lower":"vscode.github"},"activationEvent":"*"}
[2020-09-21 11:15:14.412] [exthost] [info] ExtensionService#loadCommonJSModule file:///local/home/sysadmin/.vscode-server/bin/e790b931385d72cf5669fcefc51cdf65990efa5d/extensions/git/dist/main
[2020-09-21 11:15:14.480] [exthost] [info] ExtensionService#_doActivateExtension vscode.merge-conflict {"startup":true,"extensionId":{"value":"vscode.merge-conflict","_lower":"vscode.merge-conflict"},"activationEvent":"*"}
[2020-09-21 11:15:14.480] [exthost] [info] ExtensionService#loadCommonJSModule file:///local/home/sysadmin/.vscode-server/bin/e790b931385d72cf5669fcefc51cdf65990efa5d/extensions/merge-conflict/dist/mergeConflictMain
[2020-09-21 11:15:14.485] [exthost] [info] ExtensionService#_doActivateExtension vscode.search-result {"startup":true,"extensionId":{"value":"vscode.search-result","_lower":"vscode.search-result"},"activationEvent":"*"}
[2020-09-21 11:15:14.485] [exthost] [info] ExtensionService#loadCommonJSModule file:///local/home/sysadmin/.vscode-server/bin/e790b931385d72cf5669fcefc51cdf65990efa5d/extensions/search-result/dist/extension.js
[2020-09-21 11:15:24.365] [exthost] [info] ExtensionService#_doActivateExtension vscode.github {"startup":true,"extensionId":{"value":"vscode.github","_lower":"vscode.github"},"activationEvent":"*"}
[2020-09-21 11:15:24.365] [exthost] [info] ExtensionService#loadCommonJSModule file:///local/home/sysadmin/.vscode-server/bin/e790b931385d72cf5669fcefc51cdf65990efa5d/extensions/github/dist/extension.js
[2020-09-21 11:15:26.275] [exthost] [info] eager extensions activated
[2020-09-21 11:15:27.147] [exthost] [error] {"message":"Git error","stdout":"","stderr":"fatal: Path 'recycleResearch/src' is in submodule 'recycleResearch'\n","exitCode":128,"gitErrorCode":"IsInSubmodule"}
[2020-09-21 11:15:27.147] [exthost] [error] {"message":"Git error","stdout":"","stderr":"fatal: Path 'recycleResearch/src' is in submodule 'recycleResearch'\n","exitCode":128,"gitErrorCode":"IsInSubmodule"}
[2020-09-21 11:15:27.147] [exthost] [error] {"message":"Git error","stdout":"","stderr":"fatal: Path 'recycleResearch/src' is in submodule 'recycleResearch'\n","exitCode":128,"gitErrorCode":"IsInSubmodule"}
[2020-09-21 11:15:27.147] [exthost] [error] {"message":"Git error","stdout":"","stderr":"fatal: Path 'recycleResearch/src' is in submodule 'recycleResearch'\n","exitCode":128,"gitErrorCode":"IsInSubmodule"}
[2020-09-21 11:15:27.147] [exthost] [error] {"message":"Git error","stdout":"","stderr":"fatal: Path 'recycleResearch/src' is in submodule 'recycleResearch'\n","exitCode":128,"gitErrorCode":"IsInSubmodule"}
[2020-09-21 11:15:27.147] [exthost] [error] {"message":"Git error","stdout":"","stderr":"fatal: Path 'recycleResearch/src' is in submodule 'recycleResearch'\n","exitCode":128,"gitErrorCode":"IsInSubmodule"}
[2020-09-21 11:15:27.147] [exthost] [error] {"message":"Git error","stdout":"","stderr":"fatal: Path 'recycleResearch/src' is in submodule 'recycleResearch'\n","exitCode":128,"gitErrorCode":"IsInSubmodule"}
[2020-09-21 11:15:27.147] [exthost] [error] {"message":"Git error","stdout":"","stderr":"fatal: Path 'recycleResearch/src' is in submodule 'recycleResearch'\n","exitCode":128,"gitErrorCode":"IsInSubmodule"}
[2020-09-21 11:15:27.147] [exthost] [error] {"message":"Git error","stdout":"","stderr":"fatal: Path 'recycleResearch/src' is in submodule 'recycleResearch'\n","exitCode":128,"gitErrorCode":"IsInSubmodule"}
[2020-09-21 11:15:27.147] [exthost] [error] {"message":"Git error","stdout":"","stderr":"fatal: Path 'recycleResearch/src' is in submodule 'recycleResearch'\n","exitCode":128,"gitErrorCode":"IsInSubmodule"}
[2020-09-21 11:15:27.147] [exthost] [error] {"message":"Git error","stdout":"","stderr":"fatal: Path 'recycleResearch/src' is in submodule 'recycleResearch'\n","exitCode":128,"gitErrorCode":"IsInSubmodule"}
[2020-09-21 11:15:27.147] [exthost] [error] {"message":"Git error","stdout":"","stderr":"fatal: Path 'recycleResearch/src' is in submodule 'recycleResearch'\n","exitCode":128,"gitErrorCode":"IsInSubmodule"}
[2020-09-21 11:15:27.147] [exthost] [error] {"message":"Git error","stdout":"","stderr":"fatal: Path 'recycleResearch/src' is in submodule 'recycleResearch'\n","exitCode":128,"gitErrorCode":"IsInSubmodule"}
[2020-09-21 11:15:27.147] [exthost] [error] {"message":"Git error","stdout":"","stderr":"fatal: Path 'recycleResearch/src' is in submodule 'recycleResearch'\n","exitCode":128,"gitErrorCode":"IsInSubmodule"}
[2020-09-21 11:15:27.148] [exthost] [error] {"message":"Git error","stdout":"","stderr":"fatal: Path 'recycleResearch/src' is in submodule 'recycleResearch'\n","exitCode":128,"gitErrorCode":"IsInSubmodule"}
[2020-09-21 11:15:27.148] [exthost] [error] {"message":"Git error","stdout":"","stderr":"fatal: Path 'recycleResearch/src' is in submodule 'recycleResearch'\n","exitCode":128,"gitErrorCode":"IsInSubmodule"}
[2020-09-21 11:15:27.148] [exthost] [error] {"message":"Git error","stdout":"","stderr":"fatal: Path 'recycleResearch/src' is in submodule 'recycleResearch'\n","exitCode":128,"gitErrorCode":"IsInSubmodule"}
[2020-09-21 11:15:27.148] [exthost] [error] {"message":"Git error","stdout":"","stderr":"fatal: Path 'recycleResearch/src' is in submodule 'recycleResearch'\n","exitCode":128,"gitErrorCode":"IsInSubmodule"}
[2020-09-21 11:15:27.148] [exthost] [error] {"message":"Git error","stdout":"","stderr":"fatal: Path 'recycleResearch/src' is in submodule 'recycleResearch'\n","exitCode":128,"gitErrorCode":"IsInSubmodule"}
[2020-09-21 11:15:27.148] [exthost] [error] {"message":"Git error","stdout":"","stderr":"fatal: Path 'recycleResearch/src' is in submodule 'recycleResearch'\n","exitCode":128,"gitErrorCode":"IsInSubmodule"}
[2020-09-21 11:15:27.148] [exthost] [error] {"message":"Git error","stdout":"","stderr":"fatal: Path 'recycleResearch/src' is in submodule 'recycleResearch'\n","exitCode":128,"gitErrorCode":"IsInSubmodule"}
[2020-09-21 11:15:27.148] [exthost] [error] {"message":"Git error","stdout":"","stderr":"fatal: Path 'recycleResearch/src' is in submodule 'recycleResearch'\n","exitCode":128,"gitErrorCode":"IsInSubmodule"}
[2020-09-21 11:15:27.148] [exthost] [error] {"message":"Git error","stdout":"","stderr":"fatal: Path 'recycleResearch/src' is in submodule 'recycleResearch'\n","exitCode":128,"gitErrorCode":"IsInSubmodule"}
[2020-09-21 11:15:27.148] [exthost] [error] {"message":"Git error","stdout":"","stderr":"fatal: Path 'recycleResearch/src' is in submodule 'recycleResearch'\n","exitCode":128,"gitErrorCode":"IsInSubmodule"}
[2020-09-21 11:15:27.148] [exthost] [error] {"message":"Git error","stdout":"","stderr":"fatal: Path 'recycleResearch/src' is in submodule 'recycleResearch'\n","exitCode":128,"gitErrorCode":"IsInSubmodule"}
[2020-09-21 11:15:27.148] [exthost] [error] {"message":"Git error","stdout":"","stderr":"fatal: Path 'recycleResearch/src' is in submodule 'recycleResearch'\n","exitCode":128,"gitErrorCode":"IsInSubmodule"}
[2020-09-21 11:15:27.148] [exthost] [error] {"message":"Git error","stdout":"","stderr":"fatal: Path 'recycleResearch/src' is in submodule 'recycleResearch'\n","exitCode":128,"gitErrorCode":"IsInSubmodule"}
[2020-09-21 11:15:27.148] [exthost] [error] {"message":"Git error","stdout":"","stderr":"fatal: Path 'recycleResearch/src' is in submodule 'recycleResearch'\n","exitCode":128,"gitErrorCode":"IsInSubmodule"}
[2020-09-21 11:15:27.148] [exthost] [error] {"message":"Git error","stdout":"","stderr":"fatal: Path 'recycleResearch/src' is in submodule 'recycleResearch'\n","exitCode":128,"gitErrorCode":"IsInSubmodule"}
[2020-09-21 11:15:27.148] [exthost] [error] {"message":"Git error","stdout":"","stderr":"fatal: Path 'recycleResearch/src' is in submodule 'recycleResearch'\n","exitCode":128,"gitErrorCode":"IsInSubmodule"}
[2020-09-21 11:15:27.148] [exthost] [error] {"message":"Git error","stdout":"","stderr":"fatal: Path 'recycleResearch/src' is in submodule 'recycleResearch'\n","exitCode":128,"gitErrorCode":"IsInSubmodule"}
[2020-09-21 11:15:27.148] [exthost] [error] {"message":"Git error","stdout":"","stderr":"fatal: Path 'recycleResearch/src' is in submodule 'recycleResearch'\n","exitCode":128,"gitErrorCode":"IsInSubmodule"}
[2020-09-21 11:15:27.148] [exthost] [error] {"message":"Git error","stdout":"","stderr":"fatal: Path 'recycleResearch/src' is in submodule 'recycleResearch'\n","exitCode":128,"gitErrorCode":"IsInSubmodule"}
[2020-09-21 11:15:27.148] [exthost] [error] {"message":"Git error","stdout":"","stderr":"fatal: Path 'recycleResearch/src' is in submodule 'recycleResearch'\n","exitCode":128,"gitErrorCode":"IsInSubmodule"}
[2020-09-21 11:15:27.148] [exthost] [error] {"message":"Git error","stdout":"","stderr":"fatal: Path 'recycleResearch/src' is in submodule 'recycleResearch'\n","exitCode":128,"gitErrorCode":"IsInSubmodule"}
[2020-09-21 11:15:27.148] [exthost] [error] {"message":"Git error","stdout":"","stderr":"fatal: Path 'recycleResearch/src' is in submodule 'recycleResearch'\n","exitCode":128,"gitErrorCode":"IsInSubmodule"}
[2020-09-21 11:15:27.148] [exthost] [error] {"message":"Git error","stdout":"","stderr":"fatal: Path 'recycleResearch/src' is in submodule 'recycleResearch'\n","exitCode":128,"gitErrorCode":"IsInSubmodule"}
[2020-09-21 11:15:27.148] [exthost] [error] {"message":"Git error","stdout":"","stderr":"fatal: Path 'recycleResearch/src' is in submodule 'recycleResearch'\n","exitCode":128,"gitErrorCode":"IsInSubmodule"}
[2020-09-21 11:15:27.148] [exthost] [error] {"message":"Git error","stdout":"","stderr":"fatal: Path 'recycleResearch/src' is in submodule 'recycleResearch'\n","exitCode":128,"gitErrorCode":"IsInSubmodule"}
[2020-09-21 11:15:27.148] [exthost] [error] {"message":"Git error","stdout":"","stderr":"fatal: Path 'recycleResearch/src' is in submodule 'recycleResearch'\n","exitCode":128,"gitErrorCode":"IsInSubmodule"}
[2020-09-21 11:15:27.148] [exthost] [error] {"message":"Git error","stdout":"","stderr":"fatal: Path 'recycleResearch/src' is in submodule 'recycleResearch'\n","exitCode":128,"gitErrorCode":"IsInSubmodule"}
[2020-09-21 11:15:27.148] [exthost] [error] {"message":"Git error","stdout":"","stderr":"fatal: Path 'recycleResearch/src' is in submodule 'recycleResearch'\n","exitCode":128,"gitErrorCode":"IsInSubmodule"}
[2020-09-21 11:15:27.148] [exthost] [error] {"message":"Git error","stdout":"","stderr":"fatal: Path 'recycleResearch/src' is in submodule 'recycleResearch'\n","exitCode":128,"gitErrorCode":"IsInSubmodule"}
[2020-09-21 11:15:27.148] [exthost] [error] {"message":"Git error","stdout":"","stderr":"fatal: Path 'recycleResearch/src' is in submodule 'recycleResearch'\n","exitCode":128,"gitErrorCode":"IsInSubmodule"}
[2020-09-21 11:15:27.148] [exthost] [error] {"message":"Git error","stdout":"","stderr":"fatal: Path 'recycleResearch/src' is in submodule 'recycleResearch'\n","exitCode":128,"gitErrorCode":"IsInSubmodule"}
[2020-09-21 11:15:27.148] [exthost] [error] {"message":"Git error","stdout":"","stderr":"fatal: Path 'recycleResearch/src' is in submodule 'recycleResearch'\n","exitCode":128,"gitErrorCode":"IsInSubmodule"}
[2020-09-21 11:15:27.148] [exthost] [error] {"message":"Git error","stdout":"","stderr":"fatal: Path 'recycleResearch/src' is in submodule 'recycleResearch'\n","exitCode":128,"gitErrorCode":"IsInSubmodule"}
[2020-09-21 11:15:27.148] [exthost] [error] {"message":"Git error","stdout":"","stderr":"fatal: Path 'recycleResearch/src' is in submodule 'recycleResearch'\n","exitCode":128,"gitErrorCode":"IsInSubmodule"}
[2020-09-21 11:15:27.148] [exthost] [error] {"message":"Git error","stdout":"","stderr":"fatal: Path 'recycleResearch/src' is in submodule 'recycleResearch'\n","exitCode":128,"gitErrorCode":"IsInSubmodule"}
[2020-09-21 11:15:27.148] [exthost] [error] {"message":"Git error","stdout":"","stderr":"fatal: Path 'recycleResearch/src' is in submodule 'recycleResearch'\n","exitCode":128,"gitErrorCode":"IsInSubmodule"}
[2020-09-21 11:15:27.148] [exthost] [error] {"message":"Git error","stdout":"","stderr":"fatal: Path 'recycleResearch/src' is in submodule 'recycleResearch'\n","exitCode":128,"gitErrorCode":"IsInSubmodule"}
[2020-09-21 11:15:27.148] [exthost] [error] {"message":"Git error","stdout":"","stderr":"fatal: Path 'recycleResearch/src' is in submodule 'recycleResearch'\n","exitCode":128,"gitErrorCode":"IsInSubmodule"}
[2020-09-21 11:15:27.149] [exthost] [error] {"message":"Git error","stdout":"","stderr":"fatal: Path 'recycleResearch/src' is in submodule 'recycleResearch'\n","exitCode":128,"gitErrorCode":"IsInSubmodule"}
[2020-09-21 11:15:27.149] [exthost] [error] {"message":"Git error","stdout":"","stderr":"fatal: Path 'recycleResearch/src' is in submodule 'recycleResearch'\n","exitCode":128,"gitErrorCode":"IsInSubmodule"}
[2020-09-21 11:15:27.149] [exthost] [error] {"message":"Git error","stdout":"","stderr":"fatal: Path 'recycleResearch/src' is in submodule 'recycleResearch'\n","exitCode":128,"gitErrorCode":"IsInSubmodule"}
[2020-09-21 11:15:27.149] [exthost] [error] {"message":"Git error","stdout":"","stderr":"fatal: Path 'recycleResearch/src' is in submodule 'recycleResearch'\n","exitCode":128,"gitErrorCode":"IsInSubmodule"}
[2020-09-21 11:15:27.149] [exthost] [error] {"message":"Git error","stdout":"","stderr":"fatal: Path 'recycleResearch/src' is in submodule 'recycleResearch'\n","exitCode":128,"gitErrorCode":"IsInSubmodule"}
[2020-09-21 11:15:27.149] [exthost] [error] {"message":"Git error","stdout":"","stderr":"fatal: Path 'recycleResearch/src' is in submodule 'recycleResearch'\n","exitCode":128,"gitErrorCode":"IsInSubmodule"}
[2020-09-21 11:15:27.149] [exthost] [error] {"message":"Git error","stdout":"","stderr":"fatal: Path 'recycleResearch/src' is in submodule 'recycleResearch'\n","exitCode":128,"gitErrorCode":"IsInSubmodule"}
[2020-09-21 11:15:27.149] [exthost] [error] {"message":"Git error","stdout":"","stderr":"fatal: Path 'recycleResearch/src' is in submodule 'recycleResearch'\n","exitCode":128,"gitErrorCode":"IsInSubmodule"}
[2020-09-21 11:15:27.149] [exthost] [error] {"message":"Git error","stdout":"","stderr":"fatal: Path 'recycleResearch/src' is in submodule 'recycleResearch'\n","exitCode":128,"gitErrorCode":"IsInSubmodule"}
[2020-09-21 11:15:27.149] [exthost] [error] {"message":"Git error","stdout":"","stderr":"fatal: Path 'recycleResearch/src' is in submodule 'recycleResearch'\n","exitCode":128,"gitErrorCode":"IsInSubmodule"}
[2020-09-21 11:15:27.149] [exthost] [error] {"message":"Git error","stdout":"","stderr":"fatal: Path 'recycleResearch/src' is in submodule 'recycleResearch'\n","exitCode":128,"gitErrorCode":"IsInSubmodule"}
[2020-09-21 11:15:27.149] [exthost] [error] {"message":"Git error","stdout":"","stderr":"fatal: Path 'recycleResearch/src' is in submodule 'recycleResearch'\n","exitCode":128,"gitErrorCode":"IsInSubmodule"}
[2020-09-21 11:15:27.149] [exthost] [error] {"message":"Git error","stdout":"","stderr":"fatal: Path 'recycleResearch/src' is in submodule 'recycleResearch'\n","exitCode":128,"gitErrorCode":"IsInSubmodule"}
[2020-09-21 11:15:27.149] [exthost] [error] {"message":"Git error","stdout":"","stderr":"fatal: Path 'recycleResearch/src' is in submodule 'recycleResearch'\n","exitCode":128,"gitErrorCode":"IsInSubmodule"}
[2020-09-21 11:15:27.149] [exthost] [error] {"message":"Git error","stdout":"","stderr":"fatal: Path 'recycleResearch/src' is in submodule 'recycleResearch'\n","exitCode":128,"gitErrorCode":"IsInSubmodule"}
[2020-09-21 11:15:27.149] [exthost] [error] {"message":"Git error","stdout":"","stderr":"fatal: Path 'recycleResearch/src' is in submodule 'recycleResearch'\n","exitCode":128,"gitErrorCode":"IsInSubmodule"}
[2020-09-21 11:15:27.149] [exthost] [error] {"message":"Git error","stdout":"","stderr":"fatal: Path 'recycleResearch/src' is in submodule 'recycleResearch'\n","exitCode":128,"gitErrorCode":"IsInSubmodule"}
[2020-09-21 11:15:27.149] [exthost] [error] {"message":"Git error","stdout":"","stderr":"fatal: Path 'recycleResearch/src' is in submodule 'recycleResearch'\n","exitCode":128,"gitErrorCode":"IsInSubmodule"}
[2020-09-21 11:15:27.149] [exthost] [error] {"message":"Git error","stdout":"","stderr":"fatal: Path 'recycleResearch/src' is in submodule 'recycleResearch'\n","exitCode":128,"gitErrorCode":"IsInSubmodule"}
[2020-09-21 11:15:27.149] [exthost] [error] {"message":"Git error","stdout":"","stderr":"fatal: Path 'recycleResearch/src' is in submodule 'recycleResearch'\n","exitCode":128,"gitErrorCode":"IsInSubmodule"}
[2020-09-21 11:15:27.151] [exthost] [error] {"message":"Git error","stdout":"","stderr":"fatal: Path 'recycleResearch/src' is in submodule 'recycleResearch'\n","exitCode":128,"gitErrorCode":"IsInSubmodule"}
[2020-09-21 11:15:27.151] [exthost] [error] {"message":"Git error","stdout":"","stderr":"fatal: Path 'recycleResearch/src' is in submodule 'recycleResearch'\n","exitCode":128,"gitErrorCode":"IsInSubmodule"}
[2020-09-21 11:15:27.151] [exthost] [error] {"message":"Git error","stdout":"","stderr":"fatal: Path 'recycleResearch/src' is in submodule 'recycleResearch'\n","exitCode":128,"gitErrorCode":"IsInSubmodule"}
[2020-09-21 11:15:27.151] [exthost] [error] {"message":"Git error","stdout":"","stderr":"fatal: Path 'recycleResearch/src' is in submodule 'recycleResearch'\n","exitCode":128,"gitErrorCode":"IsInSubmodule"}
[2020-09-21 11:15:27.151] [exthost] [error] {"message":"Git error","stdout":"","stderr":"fatal: Path 'recycleResearch/src' is in submodule 'recycleResearch'\n","exitCode":128,"gitErrorCode":"IsInSubmodule"}
[2020-09-21 11:15:27.151] [exthost] [error] {"message":"Git error","stdout":"","stderr":"fatal: Path 'recycleResearch/src' is in submodule 'recycleResearch'\n","exitCode":128,"gitErrorCode":"IsInSubmodule"}
[2020-09-21 11:15:27.151] [exthost] [error] {"message":"Git error","stdout":"","stderr":"fatal: Path 'recycleResearch/src' is in submodule 'recycleResearch'\n","exitCode":128,"gitErrorCode":"IsInSubmodule"}
[2020-09-21 11:15:27.151] [exthost] [error] {"message":"Git error","stdout":"","stderr":"fatal: Path 'recycleResearch/src' is in submodule 'recycleResearch'\n","exitCode":128,"gitErrorCode":"IsInSubmodule"}
[2020-09-21 11:15:27.151] [exthost] [error] {"message":"Git error","stdout":"","stderr":"fatal: Path 'recycleResearch/src' is in submodule 'recycleResearch'\n","exitCode":128,"gitErrorCode":"IsInSubmodule"}
[2020-09-21 11:15:27.151] [exthost] [error] {"message":"Git error","stdout":"","stderr":"fatal: Path 'recycleResearch/src' is in submodule 'recycleResearch'\n","exitCode":128,"gitErrorCode":"IsInSubmodule"}
[2020-09-21 11:15:27.151] [exthost] [error] {"message":"Git error","stdout":"","stderr":"fatal: Path 'recycleResearch/src' is in submodule 'recycleResearch'\n","exitCode":128,"gitErrorCode":"IsInSubmodule"}
[2020-09-21 11:15:27.151] [exthost] [error] {"message":"Git error","stdout":"","stderr":"fatal: Path 'recycleResearch/src' is in submodule 'recycleResearch'\n","exitCode":128,"gitErrorCode":"IsInSubmodule"}
[2020-09-21 11:49:25.454] [exthost] [error] {"message":"Git error","stdout":"","stderr":"fatal: Path 'recycleResearch/karma.conf.js' is in submodule 'recycleResearch'\n","exitCode":128,"gitErrorCode":"IsInSubmodule"}
[2020-09-21 11:49:25.455] [exthost] [error] {"message":"Git error","stdout":"","stderr":"fatal: Path 'recycleResearch/karma.conf.js' is in submodule 'recycleResearch'\n","exitCode":128,"gitErrorCode":"IsInSubmodule"}
[2020-09-21 11:49:25.455] [exthost] [error] {"message":"Git error","stdout":"","stderr":"fatal: Path 'recycleResearch/karma.conf.js' is in submodule 'recycleResearch'\n","exitCode":128,"gitErrorCode":"IsInSubmodule"}
[2020-09-21 11:49:25.455] [exthost] [error] {"message":"Git error","stdout":"","stderr":"fatal: Path 'recycleResearch/karma.conf.js' is in submodule 'recycleResearch'\n","exitCode":128,"gitErrorCode":"IsInSubmodule"}
[2020-09-21 11:49:25.455] [exthost] [error] {"message":"Git error","stdout":"","stderr":"fatal: Path 'recycleResearch/karma.conf.js' is in submodule 'recycleResearch'\n","exitCode":128,"gitErrorCode":"IsInSubmodule"}
[2020-09-21 11:49:25.455] [exthost] [error] {"message":"Git error","stdout":"","stderr":"fatal: Path 'recycleResearch/karma.conf.js' is in submodule 'recycleResearch'\n","exitCode":128,"gitErrorCode":"IsInSubmodule"}
[2020-09-21 11:49:25.455] [exthost] [error] {"message":"Git error","stdout":"","stderr":"fatal: Path 'recycleResearch/karma.conf.js' is in submodule 'recycleResearch'\n","exitCode":128,"gitErrorCode":"IsInSubmodule"}
[2020-09-21 11:49:25.455] [exthost] [error] {"message":"Git error","stdout":"","stderr":"fatal: Path 'recycleResearch/karma.conf.js' is in submodule 'recycleResearch'\n","exitCode":128,"gitErrorCode":"IsInSubmodule"}
[2020-09-21 11:49:25.455] [exthost] [error] {"message":"Git error","stdout":"","stderr":"fatal: Path 'recycleResearch/karma.conf.js' is in submodule 'recycleResearch'\n","exitCode":128,"gitErrorCode":"IsInSubmodule"}
[2020-09-21 11:50:12.083] [exthost] [info] ExtensionService#_doActivateExtension vscode.configuration-editing {"startup":false,"extensionId":{"value":"vscode.configuration-editing","_lower":"vscode.configuration-editing"},"activationEvent":"onLanguage:json"}
[2020-09-21 11:50:12.084] [exthost] [info] ExtensionService#loadCommonJSModule file:///local/home/sysadmin/.vscode-server/bin/e790b931385d72cf5669fcefc51cdf65990efa5d/extensions/configuration-editing/dist/configurationEditingMain
[2020-09-21 11:50:12.097] [exthost] [info] ExtensionService#_doActivateExtension vscode.extension-editing {"startup":false,"extensionId":{"value":"vscode.extension-editing","_lower":"vscode.extension-editing"},"activationEvent":"onLanguage:json"}
[2020-09-21 11:50:12.098] [exthost] [info] ExtensionService#loadCommonJSModule file:///local/home/sysadmin/.vscode-server/bin/e790b931385d72cf5669fcefc51cdf65990efa5d/extensions/extension-editing/dist/extensionEditingMain
[2020-09-21 11:50:12.111] [exthost] [info] ExtensionService#_doActivateExtension vscode.json-language-features {"startup":false,"extensionId":{"value":"vscode.json-language-features","_lower":"vscode.json-language-features"},"activationEvent":"onLanguage:json"}
[2020-09-21 11:50:12.111] [exthost] [info] ExtensionService#loadCommonJSModule file:///local/home/sysadmin/.vscode-server/bin/e790b931385d72cf5669fcefc51cdf65990efa5d/extensions/json-language-features/client/dist/node/jsonClientMain
[2020-09-21 11:50:12.152] [exthost] [info] ExtensionService#_doActivateExtension ms-vscode.js-debug {"startup":false,"extensionId":{"value":"ms-vscode.js-debug","_lower":"ms-vscode.js-debug"},"activationEvent":"onLanguage:json"}
[2020-09-21 11:50:12.152] [exthost] [info] ExtensionService#loadCommonJSModule file:///local/home/sysadmin/.vscode-server/bin/e790b931385d72cf5669fcefc51cdf65990efa5d/extensions/ms-vscode.js-debug/src/extension.js
[2020-09-21 11:50:12.536] [exthost] [info] ExtensionService#_doActivateExtension vscode.npm {"startup":false,"extensionId":{"value":"vscode.npm","_lower":"vscode.npm"},"activationEvent":"onLanguage:json"}
[2020-09-21 11:50:12.536] [exthost] [info] ExtensionService#loadCommonJSModule file:///local/home/sysadmin/.vscode-server/bin/e790b931385d72cf5669fcefc51cdf65990efa5d/extensions/npm/dist/npmMain
[2020-09-21 11:50:18.185] [exthost] [info] ExtensionService#_doActivateExtension vscode.markdown-language-features {"startup":false,"extensionId":{"value":"vscode.markdown-language-features","_lower":"vscode.markdown-language-features"},"activationEvent":"onLanguage:markdown"}
[2020-09-21 11:50:18.185] [exthost] [info] ExtensionService#loadCommonJSModule file:///local/home/sysadmin/.vscode-server/bin/e790b931385d72cf5669fcefc51cdf65990efa5d/extensions/markdown-language-features/dist/extension
[2020-09-21 11:50:27.249] [exthost] [info] ExtensionService#_doActivateExtension vscode.typescript-language-features {"startup":false,"extensionId":{"value":"vscode.typescript-language-features","_lower":"vscode.typescript-language-features"},"activationEvent":"onLanguage:jsonc"}
[2020-09-21 11:50:27.249] [exthost] [info] ExtensionService#loadCommonJSModule file:///local/home/sysadmin/.vscode-server/bin/e790b931385d72cf5669fcefc51cdf65990efa5d/extensions/typescript-language-features/dist/extension
[2020-09-21 12:30:58.324] [exthost] [error] {"message":"Git error","stdout":"","stderr":"fatal: Path '.rbenv/bin' is in submodule '.rbenv'\n","exitCode":128,"gitErrorCode":"IsInSubmodule"}
[2020-09-21 12:30:58.324] [exthost] [error] {"message":"Git error","stdout":"","stderr":"fatal: Path '.rbenv/bin' is in submodule '.rbenv'\n","exitCode":128,"gitErrorCode":"IsInSubmodule"}
[2020-09-21 12:30:58.324] [exthost] [error] {"message":"Git error","stdout":"","stderr":"fatal: Path '.rbenv/bin' is in submodule '.rbenv'\n","exitCode":128,"gitErrorCode":"IsInSubmodule"}
[2020-09-21 12:30:58.324] [exthost] [error] {"message":"Git error","stdout":"","stderr":"fatal: Path '.rbenv/bin' is in submodule '.rbenv'\n","exitCode":128,"gitErrorCode":"IsInSubmodule"}
[2020-09-21 12:30:58.324] [exthost] [error] {"message":"Git error","stdout":"","stderr":"fatal: Path '.rbenv/bin' is in submodule '.rbenv'\n","exitCode":128,"gitErrorCode":"IsInSubmodule"}
[2020-09-21 12:30:58.324] [exthost] [error] {"message":"Git error","stdout":"","stderr":"fatal: Path '.rbenv/bin' is in submodule '.rbenv'\n","exitCode":128,"gitErrorCode":"IsInSubmodule"}
[2020-09-21 12:30:58.324] [exthost] [error] {"message":"Git error","stdout":"","stderr":"fatal: Path '.rbenv/bin' is in submodule '.rbenv'\n","exitCode":128,"gitErrorCode":"IsInSubmodule"}
[2020-09-21 12:30:58.324] [exthost] [error] {"message":"Git error","stdout":"","stderr":"fatal: Path '.rbenv/bin' is in submodule '.rbenv'\n","exitCode":128,"gitErrorCode":"IsInSubmodule"}
[2020-09-21 12:30:58.324] [exthost] [error] {"message":"Git error","stdout":"","stderr":"fatal: Path '.rbenv/bin' is in submodule '.rbenv'\n","exitCode":128,"gitErrorCode":"IsInSubmodule"}
[2020-09-21 12:30:58.325] [exthost] [error] {"message":"Git error","stdout":"","stderr":"fatal: Path '.rbenv/bin' is in submodule '.rbenv'\n","exitCode":128,"gitErrorCode":"IsInSubmodule"}
[2020-09-21 12:30:58.325] [exthost] [error] {"message":"Git error","stdout":"","stderr":"fatal: Path '.rbenv/bin' is in submodule '.rbenv'\n","exitCode":128,"gitErrorCode":"IsInSubmodule"}
[2020-09-21 12:30:58.325] [exthost] [error] {"message":"Git error","stdout":"","stderr":"fatal: Path '.rbenv/bin' is in submodule '.rbenv'\n","exitCode":128,"gitErrorCode":"IsInSubmodule"}
[2020-09-21 12:30:58.325] [exthost] [error] {"message":"Git error","stdout":"","stderr":"fatal: Path '.rbenv/bin' is in submodule '.rbenv'\n","exitCode":128,"gitErrorCode":"IsInSubmodule"}
[2020-09-21 12:30:58.325] [exthost] [error] {"message":"Git error","stdout":"","stderr":"fatal: Path '.rbenv/bin' is in submodule '.rbenv'\n","exitCode":128,"gitErrorCode":"IsInSubmodule"}
[2020-09-21 12:30:58.325] [exthost] [error] {"message":"Git error","stdout":"","stderr":"fatal: Path '.rbenv/bin' is in submodule '.rbenv'\n","exitCode":128,"gitErrorCode":"IsInSubmodule"}
[2020-09-21 12:30:58.325] [exthost] [error] {"message":"Git error","stdout":"","stderr":"fatal: Path '.rbenv/bin' is in submodule '.rbenv'\n","exitCode":128,"gitErrorCode":"IsInSubmodule"}
[2020-09-21 12:30:58.325] [exthost] [error] {"message":"Git error","stdout":"","stderr":"fatal: Path '.rbenv/bin' is in submodule '.rbenv'\n","exitCode":128,"gitErrorCode":"IsInSubmodule"}
