Looking for git in: git
Using git 1.8.3.1 from git
> git rev-parse --git-dir
Open repository: /local/home/sysadmin
> git status -z -u
> git symbolic-ref --short HEAD
> git rev-parse master
> git rev-parse --symbolic-full-name master@{u}
error: No upstream configured for branch 'master'
error: No upstream configured for branch 'master'
fatal: ambiguous argument 'master@{u}': unknown revision or path not in the working tree.
Use '--' to separate paths from revisions, like this:
'git <command> [<revision>...] -- [<file>...]'
> git for-each-ref --sort -committerdate --format %(refname) %(objectname)
> git remote --verbose
> git config --get commit.template
> git show --textconv HEAD:.vscode-server/data/logs/20200921T100533/exthost1/exthost.log
> git ls-tree -l HEAD -- /local/home/sysadmin/.vscode-server/data/logs/20200921T100533/exthost1/exthost.log
> git check-ignore -v -z --stdin
> git check-ignore -v -z --stdin
> git check-ignore -v -z --stdin
> git status -z -u
> git symbolic-ref --short HEAD
> git rev-parse master
> git rev-parse --symbolic-full-name master@{u}
error: No upstream configured for branch 'master'
error: No upstream configured for branch 'master'
fatal: ambiguous argument 'master@{u}': unknown revision or path not in the working tree.
Use '--' to separate paths from revisions, like this:
'git <command> [<revision>...] -- [<file>...]'
> git for-each-ref --sort -committerdate --format %(refname) %(objectname)
> git remote --verbose
> git config --get commit.template
> git status -z -u
> git symbolic-ref --short HEAD
> git rev-parse master
> git rev-parse --symbolic-full-name master@{u}
error: No upstream configured for branch 'master'
error: No upstream configured for branch 'master'
fatal: ambiguous argument 'master@{u}': unknown revision or path not in the working tree.
Use '--' to separate paths from revisions, like this:
'git <command> [<revision>...] -- [<file>...]'
> git for-each-ref --sort -committerdate --format %(refname) %(objectname)
> git remote --verbose
> git config --get commit.template
> git status -z -u
> git symbolic-ref --short HEAD
> git rev-parse master
> git rev-parse --symbolic-full-name master@{u}
error: No upstream configured for branch 'master'
error: No upstream configured for branch 'master'
fatal: ambiguous argument 'master@{u}': unknown revision or path not in the working tree.
Use '--' to separate paths from revisions, like this:
'git <command> [<revision>...] -- [<file>...]'
> git for-each-ref --sort -committerdate --format %(refname) %(objectname)
> git remote --verbose
> git config --get commit.template
> git check-ignore -v -z --stdin
> git check-ignore -v -z --stdin
> git status -z -u
> git symbolic-ref --short HEAD
> git rev-parse master
> git rev-parse --symbolic-full-name master@{u}
error: No upstream configured for branch 'master'
error: No upstream configured for branch 'master'
fatal: ambiguous argument 'master@{u}': unknown revision or path not in the working tree.
Use '--' to separate paths from revisions, like this:
'git <command> [<revision>...] -- [<file>...]'
> git for-each-ref --sort -committerdate --format %(refname) %(objectname)
> git remote --verbose
> git config --get commit.template
> git check-ignore -v -z --stdin
> git status -z -u
> git symbolic-ref --short HEAD
> git rev-parse master
> git rev-parse --symbolic-full-name master@{u}
error: No upstream configured for branch 'master'
error: No upstream configured for branch 'master'
fatal: ambiguous argument 'master@{u}': unknown revision or path not in the working tree.
Use '--' to separate paths from revisions, like this:
'git <command> [<revision>...] -- [<file>...]'
> git for-each-ref --sort -committerdate --format %(refname) %(objectname)
> git remote --verbose
> git config --get commit.template
> git show --textconv HEAD:.cache/abrt/lastnotification
> git ls-tree -l HEAD -- /local/home/sysadmin/.cache/abrt/lastnotification
> git check-ignore -v -z --stdin
> git status -z -u
> git symbolic-ref --short HEAD
> git rev-parse master
> git rev-parse --symbolic-full-name master@{u}
error: No upstream configured for branch 'master'
error: No upstream configured for branch 'master'
fatal: ambiguous argument 'master@{u}': unknown revision or path not in the working tree.
Use '--' to separate paths from revisions, like this:
'git <command> [<revision>...] -- [<file>...]'
> git for-each-ref --sort -committerdate --format %(refname) %(objectname)
> git remote --verbose
> git config --get commit.template
> git show --textconv HEAD:.config/configstore/update-notifier-npm.json
> git ls-tree -l HEAD -- /local/home/sysadmin/.config/configstore/update-notifier-npm.json
> git check-ignore -v -z --stdin
> git show --textconv HEAD:.ionic/config.json
> git ls-tree -l HEAD -- /local/home/sysadmin/.ionic/config.json
> git check-ignore -v -z --stdin
> git status -z -u
> git symbolic-ref --short HEAD
> git rev-parse master
> git rev-parse --symbolic-full-name master@{u}
error: No upstream configured for branch 'master'
error: No upstream configured for branch 'master'
fatal: ambiguous argument 'master@{u}': unknown revision or path not in the working tree.
Use '--' to separate paths from revisions, like this:
'git <command> [<revision>...] -- [<file>...]'
> git for-each-ref --sort -committerdate --format %(refname) %(objectname)
> git remote --verbose
> git config --get commit.template
> git status -z -u
> git symbolic-ref --short HEAD
> git rev-parse master
> git rev-parse --symbolic-full-name master@{u}
error: No upstream configured for branch 'master'
error: No upstream configured for branch 'master'
fatal: ambiguous argument 'master@{u}': unknown revision or path not in the working tree.
Use '--' to separate paths from revisions, like this:
'git <command> [<revision>...] -- [<file>...]'
> git for-each-ref --sort -committerdate --format %(refname) %(objectname)
> git remote --verbose
> git config --get commit.template
> git status -z -u
> git symbolic-ref --short HEAD
> git rev-parse master
> git rev-parse --symbolic-full-name master@{u}
error: No upstream configured for branch 'master'
error: No upstream configured for branch 'master'
fatal: ambiguous argument 'master@{u}': unknown revision or path not in the working tree.
Use '--' to separate paths from revisions, like this:
'git <command> [<revision>...] -- [<file>...]'
> git for-each-ref --sort -committerdate --format %(refname) %(objectname)
> git remote --verbose
> git config --get commit.template
> git ls-tree -l HEAD -- /local/home/sysadmin/.ionic/config.json
> git status -z -u
> git symbolic-ref --short HEAD
> git rev-parse master
> git rev-parse --symbolic-full-name master@{u}
error: No upstream configured for branch 'master'
error: No upstream configured for branch 'master'
fatal: ambiguous argument 'master@{u}': unknown revision or path not in the working tree.
Use '--' to separate paths from revisions, like this:
'git <command> [<revision>...] -- [<file>...]'
> git for-each-ref --sort -committerdate --format %(refname) %(objectname)
> git remote --verbose
> git config --get commit.template
> git check-ignore -v -z --stdin
> git status -z -u
> git symbolic-ref --short HEAD
> git rev-parse master
> git rev-parse --symbolic-full-name master@{u}
error: No upstream configured for branch 'master'
error: No upstream configured for branch 'master'
fatal: ambiguous argument 'master@{u}': unknown revision or path not in the working tree.
Use '--' to separate paths from revisions, like this:
'git <command> [<revision>...] -- [<file>...]'
> git for-each-ref --sort -committerdate --format %(refname) %(objectname)
> git remote --verbose
> git config --get commit.template
> git status -z -u
> git symbolic-ref --short HEAD
> git rev-parse master
> git rev-parse --symbolic-full-name master@{u}
error: No upstream configured for branch 'master'
error: No upstream configured for branch 'master'
fatal: ambiguous argument 'master@{u}': unknown revision or path not in the working tree.
Use '--' to separate paths from revisions, like this:
'git <command> [<revision>...] -- [<file>...]'
> git for-each-ref --sort -committerdate --format %(refname) %(objectname)
> git remote --verbose
> git config --get commit.template
> git status -z -u
> git symbolic-ref --short HEAD
> git rev-parse master
> git rev-parse --symbolic-full-name master@{u}
error: No upstream configured for branch 'master'
error: No upstream configured for branch 'master'
fatal: ambiguous argument 'master@{u}': unknown revision or path not in the working tree.
Use '--' to separate paths from revisions, like this:
'git <command> [<revision>...] -- [<file>...]'
> git for-each-ref --sort -committerdate --format %(refname) %(objectname)
> git remote --verbose
> git config --get commit.template
> git show --textconv :.ionic/config.json
> git ls-files --stage -- /local/home/sysadmin/.ionic/config.json
> git show --textconv :.ionic/helper.log
> git ls-files --stage -- /local/home/sysadmin/.ionic/helper.log
> git status -z -u
> git symbolic-ref --short HEAD
> git rev-parse master
> git rev-parse --symbolic-full-name master@{u}
error: No upstream configured for branch 'master'
error: No upstream configured for branch 'master'
fatal: ambiguous argument 'master@{u}': unknown revision or path not in the working tree.
Use '--' to separate paths from revisions, like this:
'git <command> [<revision>...] -- [<file>...]'
> git for-each-ref --sort -committerdate --format %(refname) %(objectname)
> git remote --verbose
> git config --get commit.template
> git show --textconv :.ionic/update.json
> git ls-files --stage -- /local/home/sysadmin/.ionic/update.json
> git status -z -u
> git symbolic-ref --short HEAD
> git rev-parse master
> git rev-parse --symbolic-full-name master@{u}
error: No upstream configured for branch 'master'
error: No upstream configured for branch 'master'
fatal: ambiguous argument 'master@{u}': unknown revision or path not in the working tree.
Use '--' to separate paths from revisions, like this:
'git <command> [<revision>...] -- [<file>...]'
> git for-each-ref --sort -committerdate --format %(refname) %(objectname)
> git remote --verbose
> git config --get commit.template
> git show --textconv :.npm/_cacache/content-v2/sha512/92/bd/7607ed2f8f6d5bc9741408d3ba1c1abf8e178b8dd768d173df94cc1901abbe08d30617be1b966e42300bf852b0d05cfbbc020d23f9e58314355ad0837760
> git ls-files --stage -- /local/home/sysadmin/.npm/_cacache/content-v2/sha512/92/bd/7607ed2f8f6d5bc9741408d3ba1c1abf8e178b8dd768d173df94cc1901abbe08d30617be1b966e42300bf852b0d05cfbbc020d23f9e58314355ad0837760
> git check-ignore -v -z --stdin
> git show --textconv :.npm/_cacache/content-v2/sha512/bf/b8/7a20aa800f36c677014370e8370dbd01739e5061ead061a20b762ec58268fb43eb3d830a749a71e12ecfded49a230bf83b78006e84550e7a7d1b6cd88a2e
> git ls-files --stage -- /local/home/sysadmin/.npm/_cacache/content-v2/sha512/bf/b8/7a20aa800f36c677014370e8370dbd01739e5061ead061a20b762ec58268fb43eb3d830a749a71e12ecfded49a230bf83b78006e84550e7a7d1b6cd88a2e
> git check-ignore -v -z --stdin
> git status -z -u
> git symbolic-ref --short HEAD
> git rev-parse master
> git rev-parse --symbolic-full-name master@{u}
error: No upstream configured for branch 'master'
error: No upstream configured for branch 'master'
fatal: ambiguous argument 'master@{u}': unknown revision or path not in the working tree.
Use '--' to separate paths from revisions, like this:
'git <command> [<revision>...] -- [<file>...]'
> git for-each-ref --sort -committerdate --format %(refname) %(objectname)
> git remote --verbose
> git config --get commit.template
> git check-ignore -v -z --stdin
> git status -z -u
> git symbolic-ref --short HEAD
> git rev-parse master
> git rev-parse --symbolic-full-name master@{u}
error: No upstream configured for branch 'master'
error: No upstream configured for branch 'master'
fatal: ambiguous argument 'master@{u}': unknown revision or path not in the working tree.
Use '--' to separate paths from revisions, like this:
'git <command> [<revision>...] -- [<file>...]'
> git for-each-ref --sort -committerdate --format %(refname) %(objectname)
> git remote --verbose
> git config --get commit.template
> git check-ignore -v -z --stdin
> git check-ignore -v -z --stdin
> git status -z -u
> git symbolic-ref --short HEAD
> git rev-parse master
> git rev-parse --symbolic-full-name master@{u}
error: No upstream configured for branch 'master'
error: No upstream configured for branch 'master'
fatal: ambiguous argument 'master@{u}': unknown revision or path not in the working tree.
Use '--' to separate paths from revisions, like this:
'git <command> [<revision>...] -- [<file>...]'
> git for-each-ref --sort -committerdate --format %(refname) %(objectname)
> git remote --verbose
> git config --get commit.template
> git check-ignore -v -z --stdin
> git check-ignore -v -z --stdin
> git status -z -u
> git symbolic-ref --short HEAD
> git rev-parse master
> git rev-parse --symbolic-full-name master@{u}
error: No upstream configured for branch 'master'
error: No upstream configured for branch 'master'
fatal: ambiguous argument 'master@{u}': unknown revision or path not in the working tree.
Use '--' to separate paths from revisions, like this:
'git <command> [<revision>...] -- [<file>...]'
> git for-each-ref --sort -committerdate --format %(refname) %(objectname)
> git remote --verbose
> git config --get commit.template
> git check-ignore -v -z --stdin
> git check-ignore -v -z --stdin
> git check-ignore -v -z --stdin
> git status -z -u
> git symbolic-ref --short HEAD
> git rev-parse master
> git rev-parse --symbolic-full-name master@{u}
error: No upstream configured for branch 'master'
error: No upstream configured for branch 'master'
fatal: ambiguous argument 'master@{u}': unknown revision or path not in the working tree.
Use '--' to separate paths from revisions, like this:
'git <command> [<revision>...] -- [<file>...]'
> git for-each-ref --sort -committerdate --format %(refname) %(objectname)
> git remote --verbose
> git config --get commit.template
> git status -z -u
> git symbolic-ref --short HEAD
> git rev-parse master
> git rev-parse --symbolic-full-name master@{u}
error: No upstream configured for branch 'master'
error: No upstream configured for branch 'master'
fatal: ambiguous argument 'master@{u}': unknown revision or path not in the working tree.
Use '--' to separate paths from revisions, like this:
'git <command> [<revision>...] -- [<file>...]'
> git for-each-ref --sort -committerdate --format %(refname) %(objectname)
> git remote --verbose
> git config --get commit.template
> git status -z -u
> git symbolic-ref --short HEAD
> git rev-parse master
> git rev-parse --symbolic-full-name master@{u}
error: No upstream configured for branch 'master'
error: No upstream configured for branch 'master'
fatal: ambiguous argument 'master@{u}': unknown revision or path not in the working tree.
Use '--' to separate paths from revisions, like this:
'git <command> [<revision>...] -- [<file>...]'
> git for-each-ref --sort -committerdate --format %(refname) %(objectname)
> git remote --verbose
> git config --get commit.template
> git status -z -u
> git symbolic-ref --short HEAD
> git rev-parse master
> git rev-parse --symbolic-full-name master@{u}
error: No upstream configured for branch 'master'
error: No upstream configured for branch 'master'
fatal: ambiguous argument 'master@{u}': unknown revision or path not in the working tree.
Use '--' to separate paths from revisions, like this:
'git <command> [<revision>...] -- [<file>...]'
> git for-each-ref --sort -committerdate --format %(refname) %(objectname)
> git remote --verbose
> git config --get commit.template
