[2020-09-21 10:44:25.630] [exthost] [info] extension host started
[2020-09-21 10:44:25.754] [exthost] [info] ExtensionService#_doActivateExtension vscode.debug-auto-launch {"startup":true,"extensionId":{"value":"vscode.debug-auto-launch","_lower":"vscode.debug-auto-launch"},"activationEvent":"*"}
[2020-09-21 10:44:25.754] [exthost] [info] ExtensionService#loadCommonJSModule file:///local/home/sysadmin/.vscode-server/bin/e790b931385d72cf5669fcefc51cdf65990efa5d/extensions/debug-auto-launch/dist/extension
[2020-09-21 10:44:25.760] [exthost] [info] ExtensionService#_doActivateExtension vscode.emmet {"startup":true,"extensionId":{"value":"vscode.emmet","_lower":"vscode.emmet"},"activationEvent":"*"}
[2020-09-21 10:44:25.765] [exthost] [info] ExtensionService#loadCommonJSModule file:///local/home/sysadmin/.vscode-server/bin/e790b931385d72cf5669fcefc51cdf65990efa5d/extensions/emmet/dist/node/emmetNodeMain
[2020-09-21 10:44:25.802] [exthost] [info] ExtensionService#_doActivateExtension vscode.git {"startup":true,"extensionId":{"value":"vscode.github","_lower":"vscode.github"},"activationEvent":"*"}
[2020-09-21 10:44:25.802] [exthost] [info] ExtensionService#loadCommonJSModule file:///local/home/sysadmin/.vscode-server/bin/e790b931385d72cf5669fcefc51cdf65990efa5d/extensions/git/dist/main
[2020-09-21 10:44:25.859] [exthost] [info] ExtensionService#_doActivateExtension vscode.merge-conflict {"startup":true,"extensionId":{"value":"vscode.merge-conflict","_lower":"vscode.merge-conflict"},"activationEvent":"*"}
[2020-09-21 10:44:25.859] [exthost] [info] ExtensionService#loadCommonJSModule file:///local/home/sysadmin/.vscode-server/bin/e790b931385d72cf5669fcefc51cdf65990efa5d/extensions/merge-conflict/dist/mergeConflictMain
[2020-09-21 10:44:25.863] [exthost] [info] ExtensionService#_doActivateExtension vscode.search-result {"startup":true,"extensionId":{"value":"vscode.search-result","_lower":"vscode.search-result"},"activationEvent":"*"}
[2020-09-21 10:44:25.863] [exthost] [info] ExtensionService#loadCommonJSModule file:///local/home/sysadmin/.vscode-server/bin/e790b931385d72cf5669fcefc51cdf65990efa5d/extensions/search-result/dist/extension.js
[2020-09-21 10:44:27.352] [exthost] [info] ExtensionService#_doActivateExtension vscode.github {"startup":true,"extensionId":{"value":"vscode.github","_lower":"vscode.github"},"activationEvent":"*"}
[2020-09-21 10:44:27.352] [exthost] [info] ExtensionService#loadCommonJSModule file:///local/home/sysadmin/.vscode-server/bin/e790b931385d72cf5669fcefc51cdf65990efa5d/extensions/github/dist/extension.js
[2020-09-21 10:44:31.643] [exthost] [info] eager extensions activated
[2020-09-21 10:45:08.356] [exthost] [error] {"message":"Git error","stdout":"","stderr":"fatal: Path 'recycleResearch/e2e' is in submodule 'recycleResearch'\n","exitCode":128,"gitErrorCode":"IsInSubmodule"}
[2020-09-21 10:45:08.356] [exthost] [error] {"message":"Git error","stdout":"","stderr":"fatal: Path 'recycleResearch/e2e' is in submodule 'recycleResearch'\n","exitCode":128,"gitErrorCode":"IsInSubmodule"}
[2020-09-21 10:45:08.356] [exthost] [error] {"message":"Git error","stdout":"","stderr":"fatal: Path 'recycleResearch/e2e' is in submodule 'recycleResearch'\n","exitCode":128,"gitErrorCode":"IsInSubmodule"}
[2020-09-21 10:45:08.356] [exthost] [error] {"message":"Git error","stdout":"","stderr":"fatal: Path 'recycleResearch/e2e' is in submodule 'recycleResearch'\n","exitCode":128,"gitErrorCode":"IsInSubmodule"}
[2020-09-21 10:45:08.356] [exthost] [error] {"message":"Git error","stdout":"","stderr":"fatal: Path 'recycleResearch/e2e' is in submodule 'recycleResearch'\n","exitCode":128,"gitErrorCode":"IsInSubmodule"}
[2020-09-21 10:45:08.356] [exthost] [error] {"message":"Git error","stdout":"","stderr":"fatal: Path 'recycleResearch/e2e' is in submodule 'recycleResearch'\n","exitCode":128,"gitErrorCode":"IsInSubmodule"}
[2020-09-21 10:45:08.356] [exthost] [error] {"message":"Git error","stdout":"","stderr":"fatal: Path 'recycleResearch/e2e' is in submodule 'recycleResearch'\n","exitCode":128,"gitErrorCode":"IsInSubmodule"}
[2020-09-21 10:45:08.356] [exthost] [error] {"message":"Git error","stdout":"","stderr":"fatal: Path 'recycleResearch/e2e' is in submodule 'recycleResearch'\n","exitCode":128,"gitErrorCode":"IsInSubmodule"}
[2020-09-21 10:45:08.356] [exthost] [error] {"message":"Git error","stdout":"","stderr":"fatal: Path 'recycleResearch/e2e' is in submodule 'recycleResearch'\n","exitCode":128,"gitErrorCode":"IsInSubmodule"}
[2020-09-21 10:45:08.356] [exthost] [error] {"message":"Git error","stdout":"","stderr":"fatal: Path 'recycleResearch/e2e' is in submodule 'recycleResearch'\n","exitCode":128,"gitErrorCode":"IsInSubmodule"}
[2020-09-21 10:45:08.356] [exthost] [error] {"message":"Git error","stdout":"","stderr":"fatal: Path 'recycleResearch/e2e' is in submodule 'recycleResearch'\n","exitCode":128,"gitErrorCode":"IsInSubmodule"}
[2020-09-21 10:45:08.356] [exthost] [error] {"message":"Git error","stdout":"","stderr":"fatal: Path 'recycleResearch/e2e' is in submodule 'recycleResearch'\n","exitCode":128,"gitErrorCode":"IsInSubmodule"}
[2020-09-21 10:45:08.356] [exthost] [error] {"message":"Git error","stdout":"","stderr":"fatal: Path 'recycleResearch/e2e' is in submodule 'recycleResearch'\n","exitCode":128,"gitErrorCode":"IsInSubmodule"}
[2020-09-21 10:45:08.356] [exthost] [error] {"message":"Git error","stdout":"","stderr":"fatal: Path 'recycleResearch/e2e' is in submodule 'recycleResearch'\n","exitCode":128,"gitErrorCode":"IsInSubmodule"}
[2020-09-21 10:45:08.356] [exthost] [error] {"message":"Git error","stdout":"","stderr":"fatal: Path 'recycleResearch/e2e' is in submodule 'recycleResearch'\n","exitCode":128,"gitErrorCode":"IsInSubmodule"}
[2020-09-21 10:45:10.743] [exthost] [error] {"message":"Git error","stdout":"","stderr":"fatal: Path 'recycleResearch/e2e/src' is in submodule 'recycleResearch'\n","exitCode":128,"gitErrorCode":"IsInSubmodule"}
[2020-09-21 10:45:10.743] [exthost] [error] {"message":"Git error","stdout":"","stderr":"fatal: Path 'recycleResearch/e2e/src' is in submodule 'recycleResearch'\n","exitCode":128,"gitErrorCode":"IsInSubmodule"}
[2020-09-21 10:45:10.743] [exthost] [error] {"message":"Git error","stdout":"","stderr":"fatal: Path 'recycleResearch/e2e/src' is in submodule 'recycleResearch'\n","exitCode":128,"gitErrorCode":"IsInSubmodule"}
[2020-09-21 10:45:11.951] [exthost] [error] {"message":"Git error","stdout":"","stderr":"fatal: Path 'recycleResearch/e2e/src/app.e2e-spec.ts' is in submodule 'recycleResearch'\n","exitCode":128,"gitErrorCode":"IsInSubmodule"}
[2020-09-21 10:45:11.951] [exthost] [error] {"message":"Git error","stdout":"","stderr":"fatal: Path 'recycleResearch/e2e/src/app.e2e-spec.ts' is in submodule 'recycleResearch'\n","exitCode":128,"gitErrorCode":"IsInSubmodule"}
[2020-09-21 10:45:16.362] [exthost] [error] {"message":"Git error","stdout":"","stderr":"fatal: Path 'recycleResearch/src/app' is in submodule 'recycleResearch'\n","exitCode":128,"gitErrorCode":"IsInSubmodule"}
[2020-09-21 10:45:16.362] [exthost] [error] {"message":"Git error","stdout":"","stderr":"fatal: Path 'recycleResearch/src/app' is in submodule 'recycleResearch'\n","exitCode":128,"gitErrorCode":"IsInSubmodule"}
[2020-09-21 10:45:16.362] [exthost] [error] {"message":"Git error","stdout":"","stderr":"fatal: Path 'recycleResearch/src/app' is in submodule 'recycleResearch'\n","exitCode":128,"gitErrorCode":"IsInSubmodule"}
[2020-09-21 10:45:16.362] [exthost] [error] {"message":"Git error","stdout":"","stderr":"fatal: Path 'recycleResearch/src/app' is in submodule 'recycleResearch'\n","exitCode":128,"gitErrorCode":"IsInSubmodule"}
[2020-09-21 10:45:16.362] [exthost] [error] {"message":"Git error","stdout":"","stderr":"fatal: Path 'recycleResearch/src/app' is in submodule 'recycleResearch'\n","exitCode":128,"gitErrorCode":"IsInSubmodule"}
[2020-09-21 10:45:16.362] [exthost] [error] {"message":"Git error","stdout":"","stderr":"fatal: Path 'recycleResearch/src/app' is in submodule 'recycleResearch'\n","exitCode":128,"gitErrorCode":"IsInSubmodule"}
[2020-09-21 10:45:16.362] [exthost] [error] {"message":"Git error","stdout":"","stderr":"fatal: Path 'recycleResearch/src/app' is in submodule 'recycleResearch'\n","exitCode":128,"gitErrorCode":"IsInSubmodule"}
[2020-09-21 10:45:16.362] [exthost] [error] {"message":"Git error","stdout":"","stderr":"fatal: Path 'recycleResearch/src/app' is in submodule 'recycleResearch'\n","exitCode":128,"gitErrorCode":"IsInSubmodule"}
[2020-09-21 10:45:16.362] [exthost] [error] {"message":"Git error","stdout":"","stderr":"fatal: Path 'recycleResearch/src/app' is in submodule 'recycleResearch'\n","exitCode":128,"gitErrorCode":"IsInSubmodule"}
[2020-09-21 10:45:16.362] [exthost] [error] {"message":"Git error","stdout":"","stderr":"fatal: Path 'recycleResearch/src/app' is in submodule 'recycleResearch'\n","exitCode":128,"gitErrorCode":"IsInSubmodule"}
[2020-09-21 10:45:17.850] [exthost] [error] {"message":"Git error","stdout":"","stderr":"fatal: Path 'recycleResearch/src/app/folder' is in submodule 'recycleResearch'\n","exitCode":128,"gitErrorCode":"IsInSubmodule"}
[2020-09-21 10:45:17.850] [exthost] [error] {"message":"Git error","stdout":"","stderr":"fatal: Path 'recycleResearch/src/app/folder' is in submodule 'recycleResearch'\n","exitCode":128,"gitErrorCode":"IsInSubmodule"}
[2020-09-21 10:45:17.850] [exthost] [error] {"message":"Git error","stdout":"","stderr":"fatal: Path 'recycleResearch/src/app/folder' is in submodule 'recycleResearch'\n","exitCode":128,"gitErrorCode":"IsInSubmodule"}
[2020-09-21 10:45:17.850] [exthost] [error] {"message":"Git error","stdout":"","stderr":"fatal: Path 'recycleResearch/src/app/folder' is in submodule 'recycleResearch'\n","exitCode":128,"gitErrorCode":"IsInSubmodule"}
[2020-09-21 10:45:17.850] [exthost] [error] {"message":"Git error","stdout":"","stderr":"fatal: Path 'recycleResearch/src/app/folder' is in submodule 'recycleResearch'\n","exitCode":128,"gitErrorCode":"IsInSubmodule"}
[2020-09-21 10:45:17.850] [exthost] [error] {"message":"Git error","stdout":"","stderr":"fatal: Path 'recycleResearch/src/app/folder' is in submodule 'recycleResearch'\n","exitCode":128,"gitErrorCode":"IsInSubmodule"}
[2020-09-21 10:45:17.850] [exthost] [error] {"message":"Git error","stdout":"","stderr":"fatal: Path 'recycleResearch/src/app/folder' is in submodule 'recycleResearch'\n","exitCode":128,"gitErrorCode":"IsInSubmodule"}
[2020-09-21 10:45:17.850] [exthost] [error] {"message":"Git error","stdout":"","stderr":"fatal: Path 'recycleResearch/src/app/folder' is in submodule 'recycleResearch'\n","exitCode":128,"gitErrorCode":"IsInSubmodule"}
