[2020-09-21 11:12:42.643] [exthost] [info] extension host started
[2020-09-21 11:12:43.176] [exthost] [info] ExtensionService#_doActivateExtension vscode.debug-auto-launch {"startup":true,"extensionId":{"value":"vscode.debug-auto-launch","_lower":"vscode.debug-auto-launch"},"activationEvent":"*"}
[2020-09-21 11:12:43.176] [exthost] [info] ExtensionService#loadCommonJSModule file:///local/home/sysadmin/.vscode-server/bin/e790b931385d72cf5669fcefc51cdf65990efa5d/extensions/debug-auto-launch/dist/extension
[2020-09-21 11:12:43.193] [exthost] [info] ExtensionService#_doActivateExtension vscode.emmet {"startup":true,"extensionId":{"value":"vscode.emmet","_lower":"vscode.emmet"},"activationEvent":"*"}
[2020-09-21 11:12:43.194] [exthost] [info] ExtensionService#loadCommonJSModule file:///local/home/sysadmin/.vscode-server/bin/e790b931385d72cf5669fcefc51cdf65990efa5d/extensions/emmet/dist/node/emmetNodeMain
[2020-09-21 11:12:43.223] [exthost] [info] ExtensionService#_doActivateExtension vscode.git {"startup":true,"extensionId":{"value":"vscode.github","_lower":"vscode.github"},"activationEvent":"*"}
[2020-09-21 11:12:43.223] [exthost] [info] ExtensionService#loadCommonJSModule file:///local/home/sysadmin/.vscode-server/bin/e790b931385d72cf5669fcefc51cdf65990efa5d/extensions/git/dist/main
[2020-09-21 11:12:43.281] [exthost] [info] ExtensionService#_doActivateExtension vscode.merge-conflict {"startup":true,"extensionId":{"value":"vscode.merge-conflict","_lower":"vscode.merge-conflict"},"activationEvent":"*"}
[2020-09-21 11:12:43.281] [exthost] [info] ExtensionService#loadCommonJSModule file:///local/home/sysadmin/.vscode-server/bin/e790b931385d72cf5669fcefc51cdf65990efa5d/extensions/merge-conflict/dist/mergeConflictMain
[2020-09-21 11:12:43.287] [exthost] [info] ExtensionService#_doActivateExtension vscode.search-result {"startup":true,"extensionId":{"value":"vscode.search-result","_lower":"vscode.search-result"},"activationEvent":"*"}
[2020-09-21 11:12:43.287] [exthost] [info] ExtensionService#loadCommonJSModule file:///local/home/sysadmin/.vscode-server/bin/e790b931385d72cf5669fcefc51cdf65990efa5d/extensions/search-result/dist/extension.js
[2020-09-21 11:12:44.768] [exthost] [info] ExtensionService#_doActivateExtension vscode.github {"startup":true,"extensionId":{"value":"vscode.github","_lower":"vscode.github"},"activationEvent":"*"}
[2020-09-21 11:12:44.768] [exthost] [info] ExtensionService#loadCommonJSModule file:///local/home/sysadmin/.vscode-server/bin/e790b931385d72cf5669fcefc51cdf65990efa5d/extensions/github/dist/extension.js
[2020-09-21 11:12:45.061] [exthost] [info] eager extensions activated
[2020-09-21 11:12:45.568] [exthost] [error] {"message":"Git error","stdout":"","stderr":"fatal: Path 'recycleResearch/node_modules' is in submodule 'recycleResearch'\n","exitCode":128,"gitErrorCode":"IsInSubmodule"}
[2020-09-21 11:12:45.568] [exthost] [error] {"message":"Git error","stdout":"","stderr":"fatal: Path 'recycleResearch/node_modules' is in submodule 'recycleResearch'\n","exitCode":128,"gitErrorCode":"IsInSubmodule"}
[2020-09-21 11:12:45.568] [exthost] [error] {"message":"Git error","stdout":"","stderr":"fatal: Path 'recycleResearch/node_modules' is in submodule 'recycleResearch'\n","exitCode":128,"gitErrorCode":"IsInSubmodule"}
[2020-09-21 11:12:45.568] [exthost] [error] {"message":"Git error","stdout":"","stderr":"fatal: Path 'recycleResearch/node_modules' is in submodule 'recycleResearch'\n","exitCode":128,"gitErrorCode":"IsInSubmodule"}
[2020-09-21 11:12:45.568] [exthost] [error] {"message":"Git error","stdout":"","stderr":"fatal: Path 'recycleResearch/node_modules' is in submodule 'recycleResearch'\n","exitCode":128,"gitErrorCode":"IsInSubmodule"}
[2020-09-21 11:12:45.568] [exthost] [error] {"message":"Git error","stdout":"","stderr":"fatal: Path 'recycleResearch/node_modules' is in submodule 'recycleResearch'\n","exitCode":128,"gitErrorCode":"IsInSubmodule"}
[2020-09-21 11:12:45.568] [exthost] [error] {"message":"Git error","stdout":"","stderr":"fatal: Path 'recycleResearch/node_modules' is in submodule 'recycleResearch'\n","exitCode":128,"gitErrorCode":"IsInSubmodule"}
[2020-09-21 11:12:45.568] [exthost] [error] {"message":"Git error","stdout":"","stderr":"fatal: Path 'recycleResearch/node_modules' is in submodule 'recycleResearch'\n","exitCode":128,"gitErrorCode":"IsInSubmodule"}
[2020-09-21 11:12:45.568] [exthost] [error] {"message":"Git error","stdout":"","stderr":"fatal: Path 'recycleResearch/node_modules' is in submodule 'recycleResearch'\n","exitCode":128,"gitErrorCode":"IsInSubmodule"}
[2020-09-21 11:12:45.568] [exthost] [error] {"message":"Git error","stdout":"","stderr":"fatal: Path 'recycleResearch/node_modules' is in submodule 'recycleResearch'\n","exitCode":128,"gitErrorCode":"IsInSubmodule"}
[2020-09-21 11:12:45.568] [exthost] [error] {"message":"Git error","stdout":"","stderr":"fatal: Path 'recycleResearch/node_modules' is in submodule 'recycleResearch'\n","exitCode":128,"gitErrorCode":"IsInSubmodule"}
[2020-09-21 11:12:45.568] [exthost] [error] {"message":"Git error","stdout":"","stderr":"fatal: Path 'recycleResearch/node_modules' is in submodule 'recycleResearch'\n","exitCode":128,"gitErrorCode":"IsInSubmodule"}
[2020-09-21 11:12:45.568] [exthost] [error] {"message":"Git error","stdout":"","stderr":"fatal: Path 'recycleResearch/node_modules' is in submodule 'recycleResearch'\n","exitCode":128,"gitErrorCode":"IsInSubmodule"}
[2020-09-21 11:12:45.568] [exthost] [error] {"message":"Git error","stdout":"","stderr":"fatal: Path 'recycleResearch/node_modules' is in submodule 'recycleResearch'\n","exitCode":128,"gitErrorCode":"IsInSubmodule"}
[2020-09-21 11:12:45.568] [exthost] [error] {"message":"Git error","stdout":"","stderr":"fatal: Path 'recycleResearch/node_modules' is in submodule 'recycleResearch'\n","exitCode":128,"gitErrorCode":"IsInSubmodule"}
[2020-09-21 11:12:45.568] [exthost] [error] {"message":"Git error","stdout":"","stderr":"fatal: Path 'recycleResearch/node_modules' is in submodule 'recycleResearch'\n","exitCode":128,"gitErrorCode":"IsInSubmodule"}
[2020-09-21 11:12:45.568] [exthost] [error] {"message":"Git error","stdout":"","stderr":"fatal: Path 'recycleResearch/node_modules' is in submodule 'recycleResearch'\n","exitCode":128,"gitErrorCode":"IsInSubmodule"}
[2020-09-21 11:12:45.568] [exthost] [error] {"message":"Git error","stdout":"","stderr":"fatal: Path 'recycleResearch/node_modules' is in submodule 'recycleResearch'\n","exitCode":128,"gitErrorCode":"IsInSubmodule"}
[2020-09-21 11:12:45.568] [exthost] [error] {"message":"Git error","stdout":"","stderr":"fatal: Path 'recycleResearch/node_modules' is in submodule 'recycleResearch'\n","exitCode":128,"gitErrorCode":"IsInSubmodule"}
[2020-09-21 11:12:45.569] [exthost] [error] {"message":"Git error","stdout":"","stderr":"fatal: Path 'recycleResearch/node_modules' is in submodule 'recycleResearch'\n","exitCode":128,"gitErrorCode":"IsInSubmodule"}
[2020-09-21 11:12:45.569] [exthost] [error] {"message":"Git error","stdout":"","stderr":"fatal: Path 'recycleResearch/node_modules' is in submodule 'recycleResearch'\n","exitCode":128,"gitErrorCode":"IsInSubmodule"}
[2020-09-21 11:12:45.569] [exthost] [error] {"message":"Git error","stdout":"","stderr":"fatal: Path 'recycleResearch/node_modules' is in submodule 'recycleResearch'\n","exitCode":128,"gitErrorCode":"IsInSubmodule"}
[2020-09-21 11:12:45.569] [exthost] [error] {"message":"Git error","stdout":"","stderr":"fatal: Path 'recycleResearch/node_modules' is in submodule 'recycleResearch'\n","exitCode":128,"gitErrorCode":"IsInSubmodule"}
[2020-09-21 11:12:45.569] [exthost] [error] {"message":"Git error","stdout":"","stderr":"fatal: Path 'recycleResearch/node_modules' is in submodule 'recycleResearch'\n","exitCode":128,"gitErrorCode":"IsInSubmodule"}
[2020-09-21 11:12:45.569] [exthost] [error] {"message":"Git error","stdout":"","stderr":"fatal: Path 'recycleResearch/node_modules' is in submodule 'recycleResearch'\n","exitCode":128,"gitErrorCode":"IsInSubmodule"}
[2020-09-21 11:12:45.569] [exthost] [error] {"message":"Git error","stdout":"","stderr":"fatal: Path 'recycleResearch/node_modules' is in submodule 'recycleResearch'\n","exitCode":128,"gitErrorCode":"IsInSubmodule"}
[2020-09-21 11:12:45.569] [exthost] [error] {"message":"Git error","stdout":"","stderr":"fatal: Path 'recycleResearch/node_modules' is in submodule 'recycleResearch'\n","exitCode":128,"gitErrorCode":"IsInSubmodule"}
[2020-09-21 11:12:45.569] [exthost] [error] {"message":"Git error","stdout":"","stderr":"fatal: Path 'recycleResearch/node_modules' is in submodule 'recycleResearch'\n","exitCode":128,"gitErrorCode":"IsInSubmodule"}
[2020-09-21 11:12:45.569] [exthost] [error] {"message":"Git error","stdout":"","stderr":"fatal: Path 'recycleResearch/node_modules' is in submodule 'recycleResearch'\n","exitCode":128,"gitErrorCode":"IsInSubmodule"}
[2020-09-21 11:12:45.569] [exthost] [error] {"message":"Git error","stdout":"","stderr":"fatal: Path 'recycleResearch/node_modules' is in submodule 'recycleResearch'\n","exitCode":128,"gitErrorCode":"IsInSubmodule"}
[2020-09-21 11:12:45.569] [exthost] [error] {"message":"Git error","stdout":"","stderr":"fatal: Path 'recycleResearch/node_modules' is in submodule 'recycleResearch'\n","exitCode":128,"gitErrorCode":"IsInSubmodule"}
[2020-09-21 11:12:45.569] [exthost] [error] {"message":"Git error","stdout":"","stderr":"fatal: Path 'recycleResearch/node_modules' is in submodule 'recycleResearch'\n","exitCode":128,"gitErrorCode":"IsInSubmodule"}
[2020-09-21 11:12:45.569] [exthost] [error] {"message":"Git error","stdout":"","stderr":"fatal: Path 'recycleResearch/node_modules' is in submodule 'recycleResearch'\n","exitCode":128,"gitErrorCode":"IsInSubmodule"}
[2020-09-21 11:12:45.569] [exthost] [error] {"message":"Git error","stdout":"","stderr":"fatal: Path 'recycleResearch/node_modules' is in submodule 'recycleResearch'\n","exitCode":128,"gitErrorCode":"IsInSubmodule"}
[2020-09-21 11:12:45.569] [exthost] [error] {"message":"Git error","stdout":"","stderr":"fatal: Path 'recycleResearch/node_modules' is in submodule 'recycleResearch'\n","exitCode":128,"gitErrorCode":"IsInSubmodule"}
[2020-09-21 11:12:45.569] [exthost] [error] {"message":"Git error","stdout":"","stderr":"fatal: Path 'recycleResearch/node_modules' is in submodule 'recycleResearch'\n","exitCode":128,"gitErrorCode":"IsInSubmodule"}
[2020-09-21 11:12:45.569] [exthost] [error] {"message":"Git error","stdout":"","stderr":"fatal: Path 'recycleResearch/node_modules' is in submodule 'recycleResearch'\n","exitCode":128,"gitErrorCode":"IsInSubmodule"}
[2020-09-21 11:12:45.569] [exthost] [error] {"message":"Git error","stdout":"","stderr":"fatal: Path 'recycleResearch/node_modules' is in submodule 'recycleResearch'\n","exitCode":128,"gitErrorCode":"IsInSubmodule"}
[2020-09-21 11:12:45.569] [exthost] [error] {"message":"Git error","stdout":"","stderr":"fatal: Path 'recycleResearch/node_modules' is in submodule 'recycleResearch'\n","exitCode":128,"gitErrorCode":"IsInSubmodule"}
[2020-09-21 11:12:45.569] [exthost] [error] {"message":"Git error","stdout":"","stderr":"fatal: Path 'recycleResearch/node_modules' is in submodule 'recycleResearch'\n","exitCode":128,"gitErrorCode":"IsInSubmodule"}
[2020-09-21 11:12:45.569] [exthost] [error] {"message":"Git error","stdout":"","stderr":"fatal: Path 'recycleResearch/node_modules' is in submodule 'recycleResearch'\n","exitCode":128,"gitErrorCode":"IsInSubmodule"}
[2020-09-21 11:12:45.569] [exthost] [error] {"message":"Git error","stdout":"","stderr":"fatal: Path 'recycleResearch/node_modules' is in submodule 'recycleResearch'\n","exitCode":128,"gitErrorCode":"IsInSubmodule"}
[2020-09-21 11:12:45.569] [exthost] [error] {"message":"Git error","stdout":"","stderr":"fatal: Path 'recycleResearch/node_modules' is in submodule 'recycleResearch'\n","exitCode":128,"gitErrorCode":"IsInSubmodule"}
[2020-09-21 11:12:45.569] [exthost] [error] {"message":"Git error","stdout":"","stderr":"fatal: Path 'recycleResearch/node_modules' is in submodule 'recycleResearch'\n","exitCode":128,"gitErrorCode":"IsInSubmodule"}
[2020-09-21 11:12:45.569] [exthost] [error] {"message":"Git error","stdout":"","stderr":"fatal: Path 'recycleResearch/node_modules' is in submodule 'recycleResearch'\n","exitCode":128,"gitErrorCode":"IsInSubmodule"}
[2020-09-21 11:12:45.569] [exthost] [error] {"message":"Git error","stdout":"","stderr":"fatal: Path 'recycleResearch/node_modules' is in submodule 'recycleResearch'\n","exitCode":128,"gitErrorCode":"IsInSubmodule"}
[2020-09-21 11:12:45.569] [exthost] [error] {"message":"Git error","stdout":"","stderr":"fatal: Path 'recycleResearch/node_modules' is in submodule 'recycleResearch'\n","exitCode":128,"gitErrorCode":"IsInSubmodule"}
[2020-09-21 11:12:45.569] [exthost] [error] {"message":"Git error","stdout":"","stderr":"fatal: Path 'recycleResearch/node_modules' is in submodule 'recycleResearch'\n","exitCode":128,"gitErrorCode":"IsInSubmodule"}
[2020-09-21 11:12:47.400] [exthost] [error] {"message":"Git error","stdout":"","stderr":"fatal: Path 'recycleResearch/src/app' is in submodule 'recycleResearch'\n","exitCode":128,"gitErrorCode":"IsInSubmodule"}
[2020-09-21 11:12:47.400] [exthost] [error] {"message":"Git error","stdout":"","stderr":"fatal: Path 'recycleResearch/src/app' is in submodule 'recycleResearch'\n","exitCode":128,"gitErrorCode":"IsInSubmodule"}
[2020-09-21 11:12:47.400] [exthost] [error] {"message":"Git error","stdout":"","stderr":"fatal: Path 'recycleResearch/src/app' is in submodule 'recycleResearch'\n","exitCode":128,"gitErrorCode":"IsInSubmodule"}
[2020-09-21 11:12:47.400] [exthost] [error] {"message":"Git error","stdout":"","stderr":"fatal: Path 'recycleResearch/src/app' is in submodule 'recycleResearch'\n","exitCode":128,"gitErrorCode":"IsInSubmodule"}
[2020-09-21 11:12:47.400] [exthost] [error] {"message":"Git error","stdout":"","stderr":"fatal: Path 'recycleResearch/src/app' is in submodule 'recycleResearch'\n","exitCode":128,"gitErrorCode":"IsInSubmodule"}
[2020-09-21 11:12:47.400] [exthost] [error] {"message":"Git error","stdout":"","stderr":"fatal: Path 'recycleResearch/src/app' is in submodule 'recycleResearch'\n","exitCode":128,"gitErrorCode":"IsInSubmodule"}
[2020-09-21 11:12:47.400] [exthost] [error] {"message":"Git error","stdout":"","stderr":"fatal: Path 'recycleResearch/src/app' is in submodule 'recycleResearch'\n","exitCode":128,"gitErrorCode":"IsInSubmodule"}
[2020-09-21 11:12:47.400] [exthost] [error] {"message":"Git error","stdout":"","stderr":"fatal: Path 'recycleResearch/src/app' is in submodule 'recycleResearch'\n","exitCode":128,"gitErrorCode":"IsInSubmodule"}
[2020-09-21 11:12:47.400] [exthost] [error] {"message":"Git error","stdout":"","stderr":"fatal: Path 'recycleResearch/src/app' is in submodule 'recycleResearch'\n","exitCode":128,"gitErrorCode":"IsInSubmodule"}
[2020-09-21 11:12:47.401] [exthost] [error] {"message":"Git error","stdout":"","stderr":"fatal: Path 'recycleResearch/src/app' is in submodule 'recycleResearch'\n","exitCode":128,"gitErrorCode":"IsInSubmodule"}
[2020-09-21 11:12:49.220] [exthost] [error] {"message":"Git error","stdout":"","stderr":"fatal: Path 'recycleResearch/src/app/folder' is in submodule 'recycleResearch'\n","exitCode":128,"gitErrorCode":"IsInSubmodule"}
[2020-09-21 11:12:49.220] [exthost] [error] {"message":"Git error","stdout":"","stderr":"fatal: Path 'recycleResearch/src/app/folder' is in submodule 'recycleResearch'\n","exitCode":128,"gitErrorCode":"IsInSubmodule"}
[2020-09-21 11:12:49.220] [exthost] [error] {"message":"Git error","stdout":"","stderr":"fatal: Path 'recycleResearch/src/app/folder' is in submodule 'recycleResearch'\n","exitCode":128,"gitErrorCode":"IsInSubmodule"}
[2020-09-21 11:12:49.220] [exthost] [error] {"message":"Git error","stdout":"","stderr":"fatal: Path 'recycleResearch/src/app/folder' is in submodule 'recycleResearch'\n","exitCode":128,"gitErrorCode":"IsInSubmodule"}
[2020-09-21 11:12:49.220] [exthost] [error] {"message":"Git error","stdout":"","stderr":"fatal: Path 'recycleResearch/src/app/folder' is in submodule 'recycleResearch'\n","exitCode":128,"gitErrorCode":"IsInSubmodule"}
[2020-09-21 11:12:49.220] [exthost] [error] {"message":"Git error","stdout":"","stderr":"fatal: Path 'recycleResearch/src/app/folder' is in submodule 'recycleResearch'\n","exitCode":128,"gitErrorCode":"IsInSubmodule"}
[2020-09-21 11:12:49.220] [exthost] [error] {"message":"Git error","stdout":"","stderr":"fatal: Path 'recycleResearch/src/app/folder' is in submodule 'recycleResearch'\n","exitCode":128,"gitErrorCode":"IsInSubmodule"}
[2020-09-21 11:12:49.220] [exthost] [error] {"message":"Git error","stdout":"","stderr":"fatal: Path 'recycleResearch/src/app/folder' is in submodule 'recycleResearch'\n","exitCode":128,"gitErrorCode":"IsInSubmodule"}
[2020-09-21 11:12:50.422] [exthost] [error] {"message":"Git error","stdout":"","stderr":"fatal: Path 'recycleResearch/src/app/folder/folder-routing.module.ts' is in submodule 'recycleResearch'\n","exitCode":128,"gitErrorCode":"IsInSubmodule"}
[2020-09-21 11:12:50.422] [exthost] [error] {"message":"Git error","stdout":"","stderr":"fatal: Path 'recycleResearch/src/app/folder/folder-routing.module.ts' is in submodule 'recycleResearch'\n","exitCode":128,"gitErrorCode":"IsInSubmodule"}
[2020-09-21 11:12:50.422] [exthost] [error] {"message":"Git error","stdout":"","stderr":"fatal: Path 'recycleResearch/src/app/folder/folder-routing.module.ts' is in submodule 'recycleResearch'\n","exitCode":128,"gitErrorCode":"IsInSubmodule"}
[2020-09-21 11:12:50.422] [exthost] [error] {"message":"Git error","stdout":"","stderr":"fatal: Path 'recycleResearch/src/app/folder/folder-routing.module.ts' is in submodule 'recycleResearch'\n","exitCode":128,"gitErrorCode":"IsInSubmodule"}
[2020-09-21 11:12:50.422] [exthost] [error] {"message":"Git error","stdout":"","stderr":"fatal: Path 'recycleResearch/src/app/folder/folder-routing.module.ts' is in submodule 'recycleResearch'\n","exitCode":128,"gitErrorCode":"IsInSubmodule"}
[2020-09-21 11:12:50.422] [exthost] [error] {"message":"Git error","stdout":"","stderr":"fatal: Path 'recycleResearch/src/app/folder/folder-routing.module.ts' is in submodule 'recycleResearch'\n","exitCode":128,"gitErrorCode":"IsInSubmodule"}
[2020-09-21 11:13:31.852] [exthost] [info] ExtensionService#_doActivateExtension vscode.extension-editing {"startup":false,"extensionId":{"value":"vscode.extension-editing","_lower":"vscode.extension-editing"},"activationEvent":"onLanguage:typescript"}
[2020-09-21 11:13:31.852] [exthost] [info] ExtensionService#loadCommonJSModule file:///local/home/sysadmin/.vscode-server/bin/e790b931385d72cf5669fcefc51cdf65990efa5d/extensions/extension-editing/dist/extensionEditingMain
[2020-09-21 11:13:31.868] [exthost] [info] ExtensionService#_doActivateExtension vscode.typescript-language-features {"startup":false,"extensionId":{"value":"vscode.typescript-language-features","_lower":"vscode.typescript-language-features"},"activationEvent":"onLanguage:typescript"}
[2020-09-21 11:13:31.868] [exthost] [info] ExtensionService#loadCommonJSModule file:///local/home/sysadmin/.vscode-server/bin/e790b931385d72cf5669fcefc51cdf65990efa5d/extensions/typescript-language-features/dist/extension
[2020-09-21 11:13:40.633] [exthost] [info] ExtensionService#_doActivateExtension vscode.configuration-editing {"startup":false,"extensionId":{"value":"vscode.configuration-editing","_lower":"vscode.configuration-editing"},"activationEvent":"onLanguage:jsonc"}
[2020-09-21 11:13:40.633] [exthost] [info] ExtensionService#loadCommonJSModule file:///local/home/sysadmin/.vscode-server/bin/e790b931385d72cf5669fcefc51cdf65990efa5d/extensions/configuration-editing/dist/configurationEditingMain
[2020-09-21 11:13:40.640] [exthost] [info] ExtensionService#_doActivateExtension vscode.json-language-features {"startup":false,"extensionId":{"value":"vscode.json-language-features","_lower":"vscode.json-language-features"},"activationEvent":"onLanguage:jsonc"}
[2020-09-21 11:13:40.640] [exthost] [info] ExtensionService#loadCommonJSModule file:///local/home/sysadmin/.vscode-server/bin/e790b931385d72cf5669fcefc51cdf65990efa5d/extensions/json-language-features/client/dist/node/jsonClientMain
